{"/Users/dipansrimany/dev/hospital/backend/src/rbac.ts": {"path":"/Users/dipansrimany/dev/hospital/backend/src/rbac.ts","statementMap":{"0":{"start":{"line":164,"column":60},"end":{"line":798,"column":null}},"1":{"start":{"line":801,"column":59},"end":{"line":894,"column":null}},"2":{"start":{"line":912,"column":57},"end":{"line":912,"column":null}},"3":{"start":{"line":915,"column":2},"end":{"line":915,"column":null}},"4":{"start":{"line":919,"column":2},"end":{"line":919,"column":null}},"5":{"start":{"line":919,"column":74},"end":{"line":919,"column":94}},"6":{"start":{"line":927,"column":2},"end":{"line":927,"column":null}},"7":{"start":{"line":928,"column":15},"end":{"line":928,"column":null}},"8":{"start":{"line":929,"column":45},"end":{"line":929,"column":null}},"9":{"start":{"line":930,"column":2},"end":{"line":930,"column":null}},"10":{"start":{"line":930,"column":24},"end":{"line":930,"column":null}},"11":{"start":{"line":933,"column":2},"end":{"line":935,"column":null}},"12":{"start":{"line":934,"column":4},"end":{"line":934,"column":null}},"13":{"start":{"line":934,"column":19},"end":{"line":934,"column":null}},"14":{"start":{"line":936,"column":2},"end":{"line":936,"column":null}},"15":{"start":{"line":944,"column":53},"end":{"line":984,"column":null}},"16":{"start":{"line":985,"column":2},"end":{"line":998,"column":null}},"17":{"start":{"line":986,"column":21},"end":{"line":986,"column":null}},"18":{"start":{"line":987,"column":4},"end":{"line":987,"column":null}},"19":{"start":{"line":987,"column":18},"end":{"line":987,"column":null}},"20":{"start":{"line":988,"column":4},"end":{"line":997,"column":null}},"21":{"start":{"line":1009,"column":2},"end":{"line":1009,"column":null}},"22":{"start":{"line":1009,"column":58},"end":{"line":1009,"column":null}},"23":{"start":{"line":1010,"column":2},"end":{"line":1010,"column":null}},"24":{"start":{"line":1010,"column":57},"end":{"line":1010,"column":null}},"25":{"start":{"line":1011,"column":2},"end":{"line":1014,"column":null}},"26":{"start":{"line":1012,"column":28},"end":{"line":1012,"column":null}},"27":{"start":{"line":1013,"column":4},"end":{"line":1013,"column":null}},"28":{"start":{"line":1013,"column":65},"end":{"line":1013,"column":null}},"29":{"start":{"line":1015,"column":2},"end":{"line":1015,"column":null}},"30":{"start":{"line":1026,"column":2},"end":{"line":1026,"column":null}},"31":{"start":{"line":1026,"column":40},"end":{"line":1026,"column":87}},"32":{"start":{"line":1035,"column":2},"end":{"line":1035,"column":null}},"33":{"start":{"line":1035,"column":41},"end":{"line":1035,"column":88}},"34":{"start":{"line":1044,"column":22},"end":{"line":1044,"column":null}},"35":{"start":{"line":1045,"column":2},"end":{"line":1048,"column":null}},"36":{"start":{"line":1046,"column":28},"end":{"line":1046,"column":null}},"37":{"start":{"line":1047,"column":4},"end":{"line":1047,"column":null}},"38":{"start":{"line":1047,"column":25},"end":{"line":1047,"column":null}},"39":{"start":{"line":1047,"column":54},"end":{"line":1047,"column":72}},"40":{"start":{"line":1049,"column":2},"end":{"line":1049,"column":null}},"41":{"start":{"line":1049,"column":25},"end":{"line":1049,"column":null}},"42":{"start":{"line":1049,"column":55},"end":{"line":1049,"column":87}},"43":{"start":{"line":1050,"column":2},"end":{"line":1050,"column":null}},"44":{"start":{"line":1050,"column":26},"end":{"line":1050,"column":null}},"45":{"start":{"line":1050,"column":57},"end":{"line":1050,"column":92}},"46":{"start":{"line":1051,"column":2},"end":{"line":1051,"column":null}},"47":{"start":{"line":1057,"column":2},"end":{"line":1072,"column":null}},"48":{"start":{"line":1058,"column":22},"end":{"line":1058,"column":null}},"49":{"start":{"line":1059,"column":22},"end":{"line":1062,"column":null}},"50":{"start":{"line":1063,"column":19},"end":{"line":1063,"column":null}},"51":{"start":{"line":1063,"column":43},"end":{"line":1063,"column":81}},"52":{"start":{"line":1064,"column":4},"end":{"line":1070,"column":null}},"53":{"start":{"line":1065,"column":6},"end":{"line":1069,"column":null}},"54":{"start":{"line":1071,"column":4},"end":{"line":1071,"column":null}},"55":{"start":{"line":1082,"column":15},"end":{"line":1082,"column":null}},"56":{"start":{"line":1083,"column":28},"end":{"line":1083,"column":null}},"57":{"start":{"line":1084,"column":2},"end":{"line":1091,"column":null}},"58":{"start":{"line":1085,"column":4},"end":{"line":1090,"column":null}},"59":{"start":{"line":1086,"column":6},"end":{"line":1089,"column":null}},"60":{"start":{"line":1087,"column":8},"end":{"line":1087,"column":null}},"61":{"start":{"line":1088,"column":8},"end":{"line":1088,"column":null}},"62":{"start":{"line":1094,"column":31},"end":{"line":1100,"column":null}},"63":{"start":{"line":1101,"column":2},"end":{"line":1103,"column":null}},"64":{"start":{"line":1102,"column":4},"end":{"line":1102,"column":null}},"65":{"start":{"line":1102,"column":24},"end":{"line":1102,"column":37}},"66":{"start":{"line":1102,"column":37},"end":{"line":1102,"column":50}},"67":{"start":{"line":1104,"column":2},"end":{"line":1106,"column":null}},"68":{"start":{"line":1105,"column":20},"end":{"line":1105,"column":115}},"69":{"start":{"line":1106,"column":20},"end":{"line":1106,"column":82}},"70":{"start":{"line":1111,"column":2},"end":{"line":1125,"column":null}},"71":{"start":{"line":1112,"column":22},"end":{"line":1112,"column":null}},"72":{"start":{"line":1114,"column":20},"end":{"line":1114,"column":null}},"73":{"start":{"line":1114,"column":39},"end":{"line":1114,"column":63}},"74":{"start":{"line":1116,"column":4},"end":{"line":1122,"column":null}},"75":{"start":{"line":1117,"column":6},"end":{"line":1121,"column":null}},"76":{"start":{"line":1124,"column":4},"end":{"line":1124,"column":null}},"77":{"start":{"line":1130,"column":2},"end":{"line":1133,"column":null}}},"fnMap":{"0":{"name":"getCachedRolePermissions","decl":{"start":{"line":914,"column":16},"end":{"line":914,"column":41}},"loc":{"start":{"line":914,"column":83},"end":{"line":916,"column":null}},"line":914},"1":{"name":"getAllCachedRoles","decl":{"start":{"line":918,"column":16},"end":{"line":918,"column":86}},"loc":{"start":{"line":918,"column":86},"end":{"line":920,"column":null}},"line":918},"2":{"name":"(anonymous_2)","decl":{"start":{"line":919,"column":46},"end":{"line":919,"column":51}},"loc":{"start":{"line":919,"column":74},"end":{"line":919,"column":94}},"line":919},"3":{"name":"loadRoleCache","decl":{"start":{"line":926,"column":22},"end":{"line":926,"column":36}},"loc":{"start":{"line":926,"column":64},"end":{"line":937,"column":null}},"line":926},"4":{"name":"seedSystemRoles","decl":{"start":{"line":943,"column":22},"end":{"line":943,"column":38}},"loc":{"start":{"line":943,"column":66},"end":{"line":999,"column":null}},"line":943},"5":{"name":"hasPermission","decl":{"start":{"line":1004,"column":16},"end":{"line":1004,"column":null}},"loc":{"start":{"line":1008,"column":11},"end":{"line":1016,"column":null}},"line":1008},"6":{"name":"hasAnyPermission","decl":{"start":{"line":1021,"column":16},"end":{"line":1021,"column":null}},"loc":{"start":{"line":1025,"column":11},"end":{"line":1027,"column":null}},"line":1025},"7":{"name":"(anonymous_7)","decl":{"start":{"line":1026,"column":21},"end":{"line":1026,"column":26}},"loc":{"start":{"line":1026,"column":40},"end":{"line":1026,"column":87}},"line":1026},"8":{"name":"hasAllPermissions","decl":{"start":{"line":1030,"column":16},"end":{"line":1030,"column":null}},"loc":{"start":{"line":1034,"column":11},"end":{"line":1036,"column":null}},"line":1034},"9":{"name":"(anonymous_9)","decl":{"start":{"line":1035,"column":21},"end":{"line":1035,"column":27}},"loc":{"start":{"line":1035,"column":41},"end":{"line":1035,"column":88}},"line":1035},"10":{"name":"getUserPermissions","decl":{"start":{"line":1040,"column":16},"end":{"line":1040,"column":null}},"loc":{"start":{"line":1043,"column":16},"end":{"line":1052,"column":null}},"line":1043},"11":{"name":"(anonymous_11)","decl":{"start":{"line":1047,"column":41},"end":{"line":1047,"column":49}},"loc":{"start":{"line":1047,"column":54},"end":{"line":1047,"column":72}},"line":1047},"12":{"name":"(anonymous_12)","decl":{"start":{"line":1049,"column":42},"end":{"line":1049,"column":50}},"loc":{"start":{"line":1049,"column":55},"end":{"line":1049,"column":87}},"line":1049},"13":{"name":"(anonymous_13)","decl":{"start":{"line":1050,"column":44},"end":{"line":1050,"column":52}},"loc":{"start":{"line":1050,"column":57},"end":{"line":1050,"column":92}},"line":1050},"14":{"name":"requirePermission","decl":{"start":{"line":1056,"column":16},"end":{"line":1056,"column":34}},"loc":{"start":{"line":1056,"column":64},"end":{"line":1073,"column":null}},"line":1056},"15":{"name":"(anonymous_15)","decl":{"start":{"line":1057,"column":2},"end":{"line":1057,"column":10}},"loc":{"start":{"line":1057,"column":58},"end":{"line":1072,"column":null}},"line":1057},"16":{"name":"(anonymous_16)","decl":{"start":{"line":1063,"column":31},"end":{"line":1063,"column":37}},"loc":{"start":{"line":1063,"column":43},"end":{"line":1063,"column":81}},"line":1063},"17":{"name":"listAllPermissions","decl":{"start":{"line":1080,"column":16},"end":{"line":1080,"column":76}},"loc":{"start":{"line":1080,"column":76},"end":{"line":1107,"column":null}},"line":1080},"18":{"name":"(anonymous_18)","decl":{"start":{"line":1105,"column":5},"end":{"line":1105,"column":10}},"loc":{"start":{"line":1105,"column":20},"end":{"line":1105,"column":115}},"line":1105},"19":{"name":"(anonymous_19)","decl":{"start":{"line":1106,"column":5},"end":{"line":1106,"column":11}},"loc":{"start":{"line":1106,"column":20},"end":{"line":1106,"column":82}},"line":1106},"20":{"name":"requireRole","decl":{"start":{"line":1110,"column":16},"end":{"line":1110,"column":28}},"loc":{"start":{"line":1110,"column":46},"end":{"line":1126,"column":null}},"line":1110},"21":{"name":"(anonymous_21)","decl":{"start":{"line":1111,"column":2},"end":{"line":1111,"column":10}},"loc":{"start":{"line":1111,"column":58},"end":{"line":1125,"column":null}},"line":1111},"22":{"name":"(anonymous_22)","decl":{"start":{"line":1114,"column":26},"end":{"line":1114,"column":31}},"loc":{"start":{"line":1114,"column":39},"end":{"line":1114,"column":63}},"line":1114},"23":{"name":"getPermissionsConfig","decl":{"start":{"line":1129,"column":16},"end":{"line":1129,"column":39}},"loc":{"start":{"line":1129,"column":39},"end":{"line":1134,"column":null}},"line":1129}},"branchMap":{"0":{"loc":{"start":{"line":934,"column":4},"end":{"line":934,"column":null}},"type":"if","locations":[{"start":{"line":934,"column":4},"end":{"line":934,"column":null}},{"start":{},"end":{}}],"line":934},"1":{"loc":{"start":{"line":987,"column":4},"end":{"line":987,"column":null}},"type":"if","locations":[{"start":{"line":987,"column":4},"end":{"line":987,"column":null}},{"start":{},"end":{}}],"line":987},"2":{"loc":{"start":{"line":991,"column":14},"end":{"line":991,"column":null}},"type":"binary-expr","locations":[{"start":{"line":991,"column":14},"end":{"line":991,"column":40}},{"start":{"line":991,"column":40},"end":{"line":991,"column":null}}],"line":991},"3":{"loc":{"start":{"line":1009,"column":2},"end":{"line":1009,"column":null}},"type":"if","locations":[{"start":{"line":1009,"column":2},"end":{"line":1009,"column":null}},{"start":{},"end":{}}],"line":1009},"4":{"loc":{"start":{"line":1010,"column":2},"end":{"line":1010,"column":null}},"type":"if","locations":[{"start":{"line":1010,"column":2},"end":{"line":1010,"column":null}},{"start":{},"end":{}}],"line":1010},"5":{"loc":{"start":{"line":1013,"column":4},"end":{"line":1013,"column":null}},"type":"if","locations":[{"start":{"line":1013,"column":4},"end":{"line":1013,"column":null}},{"start":{},"end":{}}],"line":1013},"6":{"loc":{"start":{"line":1013,"column":8},"end":{"line":1013,"column":65}},"type":"binary-expr","locations":[{"start":{"line":1013,"column":8},"end":{"line":1013,"column":27}},{"start":{"line":1013,"column":27},"end":{"line":1013,"column":65}}],"line":1013},"7":{"loc":{"start":{"line":1047,"column":4},"end":{"line":1047,"column":null}},"type":"if","locations":[{"start":{"line":1047,"column":4},"end":{"line":1047,"column":null}},{"start":{},"end":{}}],"line":1047},"8":{"loc":{"start":{"line":1049,"column":2},"end":{"line":1049,"column":null}},"type":"if","locations":[{"start":{"line":1049,"column":2},"end":{"line":1049,"column":null}},{"start":{},"end":{}}],"line":1049},"9":{"loc":{"start":{"line":1050,"column":2},"end":{"line":1050,"column":null}},"type":"if","locations":[{"start":{"line":1050,"column":2},"end":{"line":1050,"column":null}},{"start":{},"end":{}}],"line":1050},"10":{"loc":{"start":{"line":1058,"column":22},"end":{"line":1058,"column":null}},"type":"binary-expr","locations":[{"start":{"line":1058,"column":22},"end":{"line":1058,"column":43}},{"start":{"line":1058,"column":43},"end":{"line":1058,"column":null}}],"line":1058},"11":{"loc":{"start":{"line":1060,"column":14},"end":{"line":1060,"column":null}},"type":"binary-expr","locations":[{"start":{"line":1060,"column":14},"end":{"line":1060,"column":44}},{"start":{"line":1060,"column":44},"end":{"line":1060,"column":null}}],"line":1060},"12":{"loc":{"start":{"line":1061,"column":15},"end":{"line":1061,"column":null}},"type":"binary-expr","locations":[{"start":{"line":1061,"column":15},"end":{"line":1061,"column":47}},{"start":{"line":1061,"column":47},"end":{"line":1061,"column":null}}],"line":1061},"13":{"loc":{"start":{"line":1064,"column":4},"end":{"line":1070,"column":null}},"type":"if","locations":[{"start":{"line":1064,"column":4},"end":{"line":1070,"column":null}},{"start":{},"end":{}}],"line":1064},"14":{"loc":{"start":{"line":1086,"column":6},"end":{"line":1089,"column":null}},"type":"if","locations":[{"start":{"line":1086,"column":6},"end":{"line":1089,"column":null}},{"start":{},"end":{}}],"line":1086},"15":{"loc":{"start":{"line":1086,"column":10},"end":{"line":1086,"column":74}},"type":"binary-expr","locations":[{"start":{"line":1086,"column":10},"end":{"line":1086,"column":35}},{"start":{"line":1086,"column":35},"end":{"line":1086,"column":52}},{"start":{"line":1086,"column":52},"end":{"line":1086,"column":74}}],"line":1086},"16":{"loc":{"start":{"line":1102,"column":4},"end":{"line":1102,"column":null}},"type":"if","locations":[{"start":{"line":1102,"column":4},"end":{"line":1102,"column":null}},{"start":{},"end":{}}],"line":1102},"17":{"loc":{"start":{"line":1105,"column":35},"end":{"line":1105,"column":113}},"type":"cond-expr","locations":[{"start":{"line":1105,"column":84},"end":{"line":1105,"column":105}},{"start":{"line":1105,"column":105},"end":{"line":1105,"column":113}}],"line":1105},"18":{"loc":{"start":{"line":1105,"column":35},"end":{"line":1105,"column":84}},"type":"binary-expr","locations":[{"start":{"line":1105,"column":35},"end":{"line":1105,"column":63}},{"start":{"line":1105,"column":63},"end":{"line":1105,"column":84}}],"line":1105},"19":{"loc":{"start":{"line":1106,"column":20},"end":{"line":1106,"column":82}},"type":"binary-expr","locations":[{"start":{"line":1106,"column":20},"end":{"line":1106,"column":54}},{"start":{"line":1106,"column":54},"end":{"line":1106,"column":82}}],"line":1106},"20":{"loc":{"start":{"line":1112,"column":22},"end":{"line":1112,"column":null}},"type":"binary-expr","locations":[{"start":{"line":1112,"column":22},"end":{"line":1112,"column":43}},{"start":{"line":1112,"column":43},"end":{"line":1112,"column":null}}],"line":1112},"21":{"loc":{"start":{"line":1116,"column":4},"end":{"line":1122,"column":null}},"type":"if","locations":[{"start":{"line":1116,"column":4},"end":{"line":1122,"column":null}},{"start":{},"end":{}}],"line":1116}},"s":{"0":4,"1":4,"2":4,"3":0,"4":0,"5":0,"6":0,"7":0,"8":0,"9":0,"10":0,"11":0,"12":0,"13":0,"14":0,"15":0,"16":0,"17":0,"18":0,"19":0,"20":0,"21":10,"22":4,"23":6,"24":3,"25":3,"26":3,"27":3,"28":2,"29":1,"30":2,"31":2,"32":2,"33":3,"34":9,"35":9,"36":13,"37":13,"38":12,"39":663,"40":9,"41":1,"42":1,"43":9,"44":1,"45":1,"46":9,"47":0,"48":0,"49":0,"50":0,"51":0,"52":0,"53":0,"54":0,"55":0,"56":0,"57":0,"58":0,"59":0,"60":0,"61":0,"62":0,"63":0,"64":0,"65":0,"66":0,"67":0,"68":0,"69":0,"70":0,"71":0,"72":0,"73":0,"74":0,"75":0,"76":0,"77":0},"f":{"0":0,"1":0,"2":0,"3":0,"4":0,"5":10,"6":2,"7":2,"8":2,"9":3,"10":9,"11":663,"12":1,"13":1,"14":0,"15":0,"16":0,"17":0,"18":0,"19":0,"20":0,"21":0,"22":0,"23":0},"b":{"0":[0,0],"1":[0,0],"2":[0,0],"3":[4,6],"4":[3,3],"5":[2,1],"6":[3,3],"7":[12,1],"8":[1,8],"9":[1,8],"10":[0,0],"11":[0,0],"12":[0,0],"13":[0,0],"14":[0,0],"15":[0,0,0],"16":[0,0],"17":[0,0],"18":[0,0],"19":[0,0],"20":[0,0],"21":[0,0]},"meta":{"lastBranch":22,"lastFunction":24,"lastStatement":78,"seen":{"s:164:60:798:Infinity":0,"s:801:59:894:Infinity":1,"s:912:57:912:Infinity":2,"f:914:16:914:41":0,"s:915:2:915:Infinity":3,"f:918:16:918:86":1,"s:919:2:919:Infinity":4,"f:919:46:919:51":2,"s:919:74:919:94":5,"f:926:22:926:36":3,"s:927:2:927:Infinity":6,"s:928:15:928:Infinity":7,"s:929:45:929:Infinity":8,"s:930:2:930:Infinity":9,"s:930:24:930:Infinity":10,"s:933:2:935:Infinity":11,"b:934:4:934:Infinity:undefined:undefined:undefined:undefined":0,"s:934:4:934:Infinity":12,"s:934:19:934:Infinity":13,"s:936:2:936:Infinity":14,"f:943:22:943:38":4,"s:944:53:984:Infinity":15,"s:985:2:998:Infinity":16,"s:986:21:986:Infinity":17,"b:987:4:987:Infinity:undefined:undefined:undefined:undefined":1,"s:987:4:987:Infinity":18,"s:987:18:987:Infinity":19,"s:988:4:997:Infinity":20,"b:991:14:991:40:991:40:991:Infinity":2,"f:1004:16:1004:Infinity":5,"b:1009:2:1009:Infinity:undefined:undefined:undefined:undefined":3,"s:1009:2:1009:Infinity":21,"s:1009:58:1009:Infinity":22,"b:1010:2:1010:Infinity:undefined:undefined:undefined:undefined":4,"s:1010:2:1010:Infinity":23,"s:1010:57:1010:Infinity":24,"s:1011:2:1014:Infinity":25,"s:1012:28:1012:Infinity":26,"b:1013:4:1013:Infinity:undefined:undefined:undefined:undefined":5,"s:1013:4:1013:Infinity":27,"b:1013:8:1013:27:1013:27:1013:65":6,"s:1013:65:1013:Infinity":28,"s:1015:2:1015:Infinity":29,"f:1021:16:1021:Infinity":6,"s:1026:2:1026:Infinity":30,"f:1026:21:1026:26":7,"s:1026:40:1026:87":31,"f:1030:16:1030:Infinity":8,"s:1035:2:1035:Infinity":32,"f:1035:21:1035:27":9,"s:1035:41:1035:88":33,"f:1040:16:1040:Infinity":10,"s:1044:22:1044:Infinity":34,"s:1045:2:1048:Infinity":35,"s:1046:28:1046:Infinity":36,"b:1047:4:1047:Infinity:undefined:undefined:undefined:undefined":7,"s:1047:4:1047:Infinity":37,"s:1047:25:1047:Infinity":38,"f:1047:41:1047:49":11,"s:1047:54:1047:72":39,"b:1049:2:1049:Infinity:undefined:undefined:undefined:undefined":8,"s:1049:2:1049:Infinity":40,"s:1049:25:1049:Infinity":41,"f:1049:42:1049:50":12,"s:1049:55:1049:87":42,"b:1050:2:1050:Infinity:undefined:undefined:undefined:undefined":9,"s:1050:2:1050:Infinity":43,"s:1050:26:1050:Infinity":44,"f:1050:44:1050:52":13,"s:1050:57:1050:92":45,"s:1051:2:1051:Infinity":46,"f:1056:16:1056:34":14,"s:1057:2:1072:Infinity":47,"f:1057:2:1057:10":15,"s:1058:22:1058:Infinity":48,"b:1058:22:1058:43:1058:43:1058:Infinity":10,"s:1059:22:1062:Infinity":49,"b:1060:14:1060:44:1060:44:1060:Infinity":11,"b:1061:15:1061:47:1061:47:1061:Infinity":12,"s:1063:19:1063:Infinity":50,"f:1063:31:1063:37":16,"s:1063:43:1063:81":51,"b:1064:4:1070:Infinity:undefined:undefined:undefined:undefined":13,"s:1064:4:1070:Infinity":52,"s:1065:6:1069:Infinity":53,"s:1071:4:1071:Infinity":54,"f:1080:16:1080:76":17,"s:1082:15:1082:Infinity":55,"s:1083:28:1083:Infinity":56,"s:1084:2:1091:Infinity":57,"s:1085:4:1090:Infinity":58,"b:1086:6:1089:Infinity:undefined:undefined:undefined:undefined":14,"s:1086:6:1089:Infinity":59,"b:1086:10:1086:35:1086:35:1086:52:1086:52:1086:74":15,"s:1087:8:1087:Infinity":60,"s:1088:8:1088:Infinity":61,"s:1094:31:1100:Infinity":62,"s:1101:2:1103:Infinity":63,"b:1102:4:1102:Infinity:undefined:undefined:undefined:undefined":16,"s:1102:4:1102:Infinity":64,"s:1102:24:1102:37":65,"s:1102:37:1102:50":66,"s:1104:2:1106:Infinity":67,"f:1105:5:1105:10":18,"s:1105:20:1105:115":68,"b:1105:84:1105:105:1105:105:1105:113":17,"b:1105:35:1105:63:1105:63:1105:84":18,"f:1106:5:1106:11":19,"s:1106:20:1106:82":69,"b:1106:20:1106:54:1106:54:1106:82":19,"f:1110:16:1110:28":20,"s:1111:2:1125:Infinity":70,"f:1111:2:1111:10":21,"s:1112:22:1112:Infinity":71,"b:1112:22:1112:43:1112:43:1112:Infinity":20,"s:1114:20:1114:Infinity":72,"f:1114:26:1114:31":22,"s:1114:39:1114:63":73,"b:1116:4:1122:Infinity:undefined:undefined:undefined:undefined":21,"s:1116:4:1122:Infinity":74,"s:1117:6:1121:Infinity":75,"s:1124:4:1124:Infinity":76,"f:1129:16:1129:39":23,"s:1130:2:1133:Infinity":77},"fnNames":{}}}
,"/Users/dipansrimany/dev/hospital/backend/src/config/index.ts": {"path":"/Users/dipansrimany/dev/hospital/backend/src/config/index.ts","statementMap":{"0":{"start":{"line":2,"column":0},"end":{"line":2,"column":null}},"1":{"start":{"line":4,"column":24},"end":{"line":4,"column":null}},"2":{"start":{"line":7,"column":0},"end":{"line":12,"column":null}},"3":{"start":{"line":8,"column":2},"end":{"line":11,"column":null}},"4":{"start":{"line":9,"column":4},"end":{"line":9,"column":null}},"5":{"start":{"line":10,"column":4},"end":{"line":10,"column":null}},"6":{"start":{"line":14,"column":22},"end":{"line":68,"column":null}}},"fnMap":{},"branchMap":{"0":{"loc":{"start":{"line":8,"column":2},"end":{"line":11,"column":null}},"type":"if","locations":[{"start":{"line":8,"column":2},"end":{"line":11,"column":null}},{"start":{},"end":{}}],"line":8},"1":{"loc":{"start":{"line":16,"column":2},"end":{"line":16,"column":null}},"type":"binary-expr","locations":[{"start":{"line":16,"column":2},"end":{"line":16,"column":35}},{"start":{"line":16,"column":35},"end":{"line":16,"column":null}}],"line":16},"2":{"loc":{"start":{"line":17,"column":17},"end":{"line":17,"column":45}},"type":"binary-expr","locations":[{"start":{"line":17,"column":17},"end":{"line":17,"column":37}},{"start":{"line":17,"column":37},"end":{"line":17,"column":45}}],"line":17},"3":{"loc":{"start":{"line":27,"column":15},"end":{"line":27,"column":null}},"type":"binary-expr","locations":[{"start":{"line":27,"column":15},"end":{"line":27,"column":45}},{"start":{"line":27,"column":45},"end":{"line":27,"column":null}}],"line":27},"4":{"loc":{"start":{"line":32,"column":12},"end":{"line":32,"column":null}},"type":"binary-expr","locations":[{"start":{"line":32,"column":12},"end":{"line":32,"column":39}},{"start":{"line":32,"column":39},"end":{"line":32,"column":null}}],"line":32},"5":{"loc":{"start":{"line":35,"column":23},"end":{"line":35,"column":69}},"type":"binary-expr","locations":[{"start":{"line":35,"column":23},"end":{"line":35,"column":59}},{"start":{"line":35,"column":59},"end":{"line":35,"column":69}}],"line":35},"6":{"loc":{"start":{"line":36,"column":26},"end":{"line":36,"column":72}},"type":"binary-expr","locations":[{"start":{"line":36,"column":26},"end":{"line":36,"column":65}},{"start":{"line":36,"column":65},"end":{"line":36,"column":72}}],"line":36},"7":{"loc":{"start":{"line":39,"column":21},"end":{"line":39,"column":56}},"type":"binary-expr","locations":[{"start":{"line":39,"column":21},"end":{"line":39,"column":50}},{"start":{"line":39,"column":50},"end":{"line":39,"column":56}}],"line":39},"8":{"loc":{"start":{"line":44,"column":11},"end":{"line":44,"column":null}},"type":"binary-expr","locations":[{"start":{"line":44,"column":11},"end":{"line":44,"column":36}},{"start":{"line":44,"column":36},"end":{"line":44,"column":null}}],"line":44},"9":{"loc":{"start":{"line":45,"column":9},"end":{"line":45,"column":null}},"type":"binary-expr","locations":[{"start":{"line":45,"column":9},"end":{"line":45,"column":32}},{"start":{"line":45,"column":32},"end":{"line":45,"column":null}}],"line":45},"10":{"loc":{"start":{"line":50,"column":29},"end":{"line":50,"column":74}},"type":"binary-expr","locations":[{"start":{"line":50,"column":29},"end":{"line":50,"column":68}},{"start":{"line":50,"column":68},"end":{"line":50,"column":74}}],"line":50},"11":{"loc":{"start":{"line":51,"column":28},"end":{"line":51,"column":72}},"type":"binary-expr","locations":[{"start":{"line":51,"column":28},"end":{"line":51,"column":67}},{"start":{"line":51,"column":67},"end":{"line":51,"column":72}}],"line":51},"12":{"loc":{"start":{"line":57,"column":19},"end":{"line":57,"column":51}},"type":"binary-expr","locations":[{"start":{"line":57,"column":19},"end":{"line":57,"column":44}},{"start":{"line":57,"column":44},"end":{"line":57,"column":51}}],"line":57},"13":{"loc":{"start":{"line":60,"column":10},"end":{"line":60,"column":null}},"type":"binary-expr","locations":[{"start":{"line":60,"column":10},"end":{"line":60,"column":35}},{"start":{"line":60,"column":35},"end":{"line":60,"column":null}}],"line":60},"14":{"loc":{"start":{"line":65,"column":24},"end":{"line":65,"column":62}},"type":"binary-expr","locations":[{"start":{"line":65,"column":24},"end":{"line":65,"column":56}},{"start":{"line":65,"column":56},"end":{"line":65,"column":62}}],"line":65},"15":{"loc":{"start":{"line":66,"column":9},"end":{"line":66,"column":null}},"type":"binary-expr","locations":[{"start":{"line":66,"column":9},"end":{"line":66,"column":35}},{"start":{"line":66,"column":35},"end":{"line":66,"column":null}}],"line":66}},"s":{"0":4,"1":4,"2":4,"3":8,"4":0,"5":0,"6":4},"f":{},"b":{"0":[0,8],"1":[4,0],"2":[4,0],"3":[4,0],"4":[4,0],"5":[4,4],"6":[4,4],"7":[4,4],"8":[4,0],"9":[4,4],"10":[4,4],"11":[4,4],"12":[4,4],"13":[4,4],"14":[4,4],"15":[4,0]},"meta":{"lastBranch":16,"lastFunction":0,"lastStatement":7,"seen":{"s:2:0:2:Infinity":0,"s:4:24:4:Infinity":1,"s:7:0:12:Infinity":2,"b:8:2:11:Infinity:undefined:undefined:undefined:undefined":0,"s:8:2:11:Infinity":3,"s:9:4:9:Infinity":4,"s:10:4:10:Infinity":5,"s:14:22:68:Infinity":6,"b:16:2:16:35:16:35:16:Infinity":1,"b:17:17:17:37:17:37:17:45":2,"b:27:15:27:45:27:45:27:Infinity":3,"b:32:12:32:39:32:39:32:Infinity":4,"b:35:23:35:59:35:59:35:69":5,"b:36:26:36:65:36:65:36:72":6,"b:39:21:39:50:39:50:39:56":7,"b:44:11:44:36:44:36:44:Infinity":8,"b:45:9:45:32:45:32:45:Infinity":9,"b:50:29:50:68:50:68:50:74":10,"b:51:28:51:67:51:67:51:72":11,"b:57:19:57:44:57:44:57:51":12,"b:60:10:60:35:60:35:60:Infinity":13,"b:65:24:65:56:65:56:65:62":14,"b:66:9:66:35:66:35:66:Infinity":15},"fnNames":{}}}
,"/Users/dipansrimany/dev/hospital/backend/src/middleware/auth.ts": {"path":"/Users/dipansrimany/dev/hospital/backend/src/middleware/auth.ts","statementMap":{"0":{"start":{"line":42,"column":13},"end":{"line":110,"column":null}},"1":{"start":{"line":47,"column":21},"end":{"line":47,"column":null}},"2":{"start":{"line":48,"column":16},"end":{"line":48,"column":null}},"3":{"start":{"line":50,"column":2},"end":{"line":55,"column":null}},"4":{"start":{"line":51,"column":4},"end":{"line":54,"column":null}},"5":{"start":{"line":57,"column":2},"end":{"line":109,"column":null}},"6":{"start":{"line":58,"column":20},"end":{"line":58,"column":null}},"7":{"start":{"line":61,"column":4},"end":{"line":66,"column":null}},"8":{"start":{"line":62,"column":6},"end":{"line":65,"column":null}},"9":{"start":{"line":68,"column":4},"end":{"line":82,"column":null}},"10":{"start":{"line":84,"column":4},"end":{"line":84,"column":null}},"11":{"start":{"line":86,"column":4},"end":{"line":91,"column":null}},"12":{"start":{"line":87,"column":6},"end":{"line":90,"column":null}},"13":{"start":{"line":92,"column":4},"end":{"line":102,"column":null}},"14":{"start":{"line":93,"column":6},"end":{"line":97,"column":null}},"15":{"start":{"line":98,"column":6},"end":{"line":101,"column":null}},"16":{"start":{"line":104,"column":4},"end":{"line":104,"column":null}},"17":{"start":{"line":105,"column":4},"end":{"line":108,"column":null}},"18":{"start":{"line":113,"column":13},"end":{"line":141,"column":null}},"19":{"start":{"line":114,"column":2},"end":{"line":140,"column":null}},"20":{"start":{"line":115,"column":4},"end":{"line":120,"column":null}},"21":{"start":{"line":116,"column":6},"end":{"line":119,"column":null}},"22":{"start":{"line":122,"column":22},"end":{"line":122,"column":null}},"23":{"start":{"line":124,"column":4},"end":{"line":137,"column":null}},"24":{"start":{"line":125,"column":6},"end":{"line":131,"column":null}},"25":{"start":{"line":133,"column":6},"end":{"line":136,"column":null}},"26":{"start":{"line":139,"column":4},"end":{"line":139,"column":null}},"27":{"start":{"line":144,"column":13},"end":{"line":173,"column":null}},"28":{"start":{"line":145,"column":2},"end":{"line":172,"column":null}},"29":{"start":{"line":146,"column":4},"end":{"line":151,"column":null}},"30":{"start":{"line":147,"column":6},"end":{"line":150,"column":null}},"31":{"start":{"line":153,"column":22},"end":{"line":153,"column":null}},"32":{"start":{"line":154,"column":20},"end":{"line":154,"column":null}},"33":{"start":{"line":154,"column":41},"end":{"line":154,"column":65}},"34":{"start":{"line":156,"column":4},"end":{"line":169,"column":null}},"35":{"start":{"line":157,"column":6},"end":{"line":163,"column":null}},"36":{"start":{"line":165,"column":6},"end":{"line":168,"column":null}},"37":{"start":{"line":171,"column":4},"end":{"line":171,"column":null}},"38":{"start":{"line":176,"column":13},"end":{"line":193,"column":null}},"39":{"start":{"line":181,"column":2},"end":{"line":186,"column":null}},"40":{"start":{"line":182,"column":4},"end":{"line":185,"column":null}},"41":{"start":{"line":189,"column":2},"end":{"line":189,"column":null}},"42":{"start":{"line":190,"column":2},"end":{"line":190,"column":null}},"43":{"start":{"line":192,"column":2},"end":{"line":192,"column":null}},"44":{"start":{"line":196,"column":13},"end":{"line":224,"column":null}},"45":{"start":{"line":201,"column":21},"end":{"line":201,"column":null}},"46":{"start":{"line":202,"column":16},"end":{"line":202,"column":null}},"47":{"start":{"line":204,"column":2},"end":{"line":206,"column":null}},"48":{"start":{"line":205,"column":4},"end":{"line":205,"column":null}},"49":{"start":{"line":208,"column":2},"end":{"line":221,"column":null}},"50":{"start":{"line":209,"column":20},"end":{"line":209,"column":null}},"51":{"start":{"line":210,"column":4},"end":{"line":218,"column":null}},"52":{"start":{"line":223,"column":2},"end":{"line":223,"column":null}}},"fnMap":{"0":{"name":"(anonymous_0)","decl":{"start":{"line":42,"column":13},"end":{"line":42,"column":null}},"loc":{"start":{"line":46,"column":5},"end":{"line":110,"column":null}},"line":46},"1":{"name":"(anonymous_1)","decl":{"start":{"line":113,"column":13},"end":{"line":113,"column":34}},"loc":{"start":{"line":113,"column":67},"end":{"line":141,"column":null}},"line":113},"2":{"name":"(anonymous_2)","decl":{"start":{"line":114,"column":2},"end":{"line":114,"column":10}},"loc":{"start":{"line":114,"column":75},"end":{"line":140,"column":null}},"line":114},"3":{"name":"(anonymous_3)","decl":{"start":{"line":144,"column":13},"end":{"line":144,"column":28}},"loc":{"start":{"line":144,"column":49},"end":{"line":173,"column":null}},"line":144},"4":{"name":"(anonymous_4)","decl":{"start":{"line":145,"column":2},"end":{"line":145,"column":10}},"loc":{"start":{"line":145,"column":75},"end":{"line":172,"column":null}},"line":145},"5":{"name":"(anonymous_5)","decl":{"start":{"line":154,"column":26},"end":{"line":154,"column":32}},"loc":{"start":{"line":154,"column":41},"end":{"line":154,"column":65}},"line":154},"6":{"name":"(anonymous_6)","decl":{"start":{"line":176,"column":13},"end":{"line":176,"column":null}},"loc":{"start":{"line":180,"column":5},"end":{"line":193,"column":null}},"line":180},"7":{"name":"(anonymous_7)","decl":{"start":{"line":196,"column":13},"end":{"line":196,"column":null}},"loc":{"start":{"line":200,"column":5},"end":{"line":224,"column":null}},"line":200}},"branchMap":{"0":{"loc":{"start":{"line":48,"column":16},"end":{"line":48,"column":null}},"type":"binary-expr","locations":[{"start":{"line":48,"column":16},"end":{"line":48,"column":30}},{"start":{"line":48,"column":30},"end":{"line":48,"column":null}}],"line":48},"1":{"loc":{"start":{"line":50,"column":2},"end":{"line":55,"column":null}},"type":"if","locations":[{"start":{"line":50,"column":2},"end":{"line":55,"column":null}},{"start":{},"end":{}}],"line":50},"2":{"loc":{"start":{"line":61,"column":4},"end":{"line":66,"column":null}},"type":"if","locations":[{"start":{"line":61,"column":4},"end":{"line":66,"column":null}},{"start":{},"end":{}}],"line":61},"3":{"loc":{"start":{"line":61,"column":8},"end":{"line":61,"column":56}},"type":"binary-expr","locations":[{"start":{"line":61,"column":8},"end":{"line":61,"column":23}},{"start":{"line":61,"column":23},"end":{"line":61,"column":56}}],"line":61},"4":{"loc":{"start":{"line":74,"column":17},"end":{"line":74,"column":null}},"type":"binary-expr","locations":[{"start":{"line":74,"column":17},"end":{"line":74,"column":38}},{"start":{"line":74,"column":38},"end":{"line":74,"column":null}}],"line":74},"5":{"loc":{"start":{"line":80,"column":25},"end":{"line":80,"column":null}},"type":"binary-expr","locations":[{"start":{"line":80,"column":25},"end":{"line":80,"column":61}},{"start":{"line":80,"column":61},"end":{"line":80,"column":null}}],"line":80},"6":{"loc":{"start":{"line":81,"column":27},"end":{"line":81,"column":null}},"type":"binary-expr","locations":[{"start":{"line":81,"column":27},"end":{"line":81,"column":65}},{"start":{"line":81,"column":65},"end":{"line":81,"column":null}}],"line":81},"7":{"loc":{"start":{"line":86,"column":4},"end":{"line":91,"column":null}},"type":"if","locations":[{"start":{"line":86,"column":4},"end":{"line":91,"column":null}},{"start":{},"end":{}}],"line":86},"8":{"loc":{"start":{"line":92,"column":4},"end":{"line":102,"column":null}},"type":"if","locations":[{"start":{"line":92,"column":4},"end":{"line":102,"column":null}},{"start":{},"end":{}}],"line":92},"9":{"loc":{"start":{"line":115,"column":4},"end":{"line":120,"column":null}},"type":"if","locations":[{"start":{"line":115,"column":4},"end":{"line":120,"column":null}},{"start":{},"end":{}}],"line":115},"10":{"loc":{"start":{"line":122,"column":22},"end":{"line":122,"column":null}},"type":"binary-expr","locations":[{"start":{"line":122,"column":22},"end":{"line":122,"column":42}},{"start":{"line":122,"column":42},"end":{"line":122,"column":null}}],"line":122},"11":{"loc":{"start":{"line":124,"column":4},"end":{"line":137,"column":null}},"type":"if","locations":[{"start":{"line":124,"column":4},"end":{"line":137,"column":null}},{"start":{},"end":{}}],"line":124},"12":{"loc":{"start":{"line":146,"column":4},"end":{"line":151,"column":null}},"type":"if","locations":[{"start":{"line":146,"column":4},"end":{"line":151,"column":null}},{"start":{},"end":{}}],"line":146},"13":{"loc":{"start":{"line":153,"column":22},"end":{"line":153,"column":null}},"type":"binary-expr","locations":[{"start":{"line":153,"column":22},"end":{"line":153,"column":42}},{"start":{"line":153,"column":42},"end":{"line":153,"column":null}}],"line":153},"14":{"loc":{"start":{"line":156,"column":4},"end":{"line":169,"column":null}},"type":"if","locations":[{"start":{"line":156,"column":4},"end":{"line":169,"column":null}},{"start":{},"end":{}}],"line":156},"15":{"loc":{"start":{"line":181,"column":2},"end":{"line":186,"column":null}},"type":"if","locations":[{"start":{"line":181,"column":2},"end":{"line":186,"column":null}},{"start":{},"end":{}}],"line":181},"16":{"loc":{"start":{"line":202,"column":16},"end":{"line":202,"column":null}},"type":"binary-expr","locations":[{"start":{"line":202,"column":16},"end":{"line":202,"column":30}},{"start":{"line":202,"column":30},"end":{"line":202,"column":null}}],"line":202},"17":{"loc":{"start":{"line":204,"column":2},"end":{"line":206,"column":null}},"type":"if","locations":[{"start":{"line":204,"column":2},"end":{"line":206,"column":null}},{"start":{},"end":{}}],"line":204},"18":{"loc":{"start":{"line":216,"column":17},"end":{"line":216,"column":null}},"type":"binary-expr","locations":[{"start":{"line":216,"column":17},"end":{"line":216,"column":38}},{"start":{"line":216,"column":38},"end":{"line":216,"column":null}}],"line":216}},"s":{"0":3,"1":0,"2":0,"3":0,"4":0,"5":0,"6":0,"7":0,"8":0,"9":0,"10":0,"11":0,"12":0,"13":0,"14":0,"15":0,"16":0,"17":0,"18":3,"19":0,"20":0,"21":0,"22":0,"23":0,"24":0,"25":0,"26":0,"27":3,"28":0,"29":0,"30":0,"31":0,"32":0,"33":0,"34":0,"35":0,"36":0,"37":0,"38":3,"39":0,"40":0,"41":0,"42":0,"43":0,"44":3,"45":0,"46":0,"47":0,"48":0,"49":0,"50":0,"51":0,"52":0},"f":{"0":0,"1":0,"2":0,"3":0,"4":0,"5":0,"6":0,"7":0},"b":{"0":[0,0],"1":[0,0],"2":[0,0],"3":[0,0],"4":[0,0],"5":[0,0],"6":[0,0],"7":[0,0],"8":[0,0],"9":[0,0],"10":[0,0],"11":[0,0],"12":[0,0],"13":[0,0],"14":[0,0],"15":[0,0],"16":[0,0],"17":[0,0],"18":[0,0]},"meta":{"lastBranch":19,"lastFunction":8,"lastStatement":53,"seen":{"s:42:13:110:Infinity":0,"f:42:13:42:Infinity":0,"s:47:21:47:Infinity":1,"s:48:16:48:Infinity":2,"b:48:16:48:30:48:30:48:Infinity":0,"b:50:2:55:Infinity:undefined:undefined:undefined:undefined":1,"s:50:2:55:Infinity":3,"s:51:4:54:Infinity":4,"s:57:2:109:Infinity":5,"s:58:20:58:Infinity":6,"b:61:4:66:Infinity:undefined:undefined:undefined:undefined":2,"s:61:4:66:Infinity":7,"b:61:8:61:23:61:23:61:56":3,"s:62:6:65:Infinity":8,"s:68:4:82:Infinity":9,"b:74:17:74:38:74:38:74:Infinity":4,"b:80:25:80:61:80:61:80:Infinity":5,"b:81:27:81:65:81:65:81:Infinity":6,"s:84:4:84:Infinity":10,"b:86:4:91:Infinity:undefined:undefined:undefined:undefined":7,"s:86:4:91:Infinity":11,"s:87:6:90:Infinity":12,"b:92:4:102:Infinity:undefined:undefined:undefined:undefined":8,"s:92:4:102:Infinity":13,"s:93:6:97:Infinity":14,"s:98:6:101:Infinity":15,"s:104:4:104:Infinity":16,"s:105:4:108:Infinity":17,"s:113:13:141:Infinity":18,"f:113:13:113:34":1,"s:114:2:140:Infinity":19,"f:114:2:114:10":2,"b:115:4:120:Infinity:undefined:undefined:undefined:undefined":9,"s:115:4:120:Infinity":20,"s:116:6:119:Infinity":21,"s:122:22:122:Infinity":22,"b:122:22:122:42:122:42:122:Infinity":10,"b:124:4:137:Infinity:undefined:undefined:undefined:undefined":11,"s:124:4:137:Infinity":23,"s:125:6:131:Infinity":24,"s:133:6:136:Infinity":25,"s:139:4:139:Infinity":26,"s:144:13:173:Infinity":27,"f:144:13:144:28":3,"s:145:2:172:Infinity":28,"f:145:2:145:10":4,"b:146:4:151:Infinity:undefined:undefined:undefined:undefined":12,"s:146:4:151:Infinity":29,"s:147:6:150:Infinity":30,"s:153:22:153:Infinity":31,"b:153:22:153:42:153:42:153:Infinity":13,"s:154:20:154:Infinity":32,"f:154:26:154:32":5,"s:154:41:154:65":33,"b:156:4:169:Infinity:undefined:undefined:undefined:undefined":14,"s:156:4:169:Infinity":34,"s:157:6:163:Infinity":35,"s:165:6:168:Infinity":36,"s:171:4:171:Infinity":37,"s:176:13:193:Infinity":38,"f:176:13:176:Infinity":6,"b:181:2:186:Infinity:undefined:undefined:undefined:undefined":15,"s:181:2:186:Infinity":39,"s:182:4:185:Infinity":40,"s:189:2:189:Infinity":41,"s:190:2:190:Infinity":42,"s:192:2:192:Infinity":43,"s:196:13:224:Infinity":44,"f:196:13:196:Infinity":7,"s:201:21:201:Infinity":45,"s:202:16:202:Infinity":46,"b:202:16:202:30:202:30:202:Infinity":16,"b:204:2:206:Infinity:undefined:undefined:undefined:undefined":17,"s:204:2:206:Infinity":47,"s:205:4:205:Infinity":48,"s:208:2:221:Infinity":49,"s:209:20:209:Infinity":50,"s:210:4:218:Infinity":51,"b:216:17:216:38:216:38:216:Infinity":18,"s:223:2:223:Infinity":52},"fnNames":{}}}
,"/Users/dipansrimany/dev/hospital/backend/src/middleware/csrf.ts": {"path":"/Users/dipansrimany/dev/hospital/backend/src/middleware/csrf.ts","statementMap":{"0":{"start":{"line":8,"column":23},"end":{"line":8,"column":null}},"1":{"start":{"line":10,"column":26},"end":{"line":10,"column":null}},"2":{"start":{"line":11,"column":25},"end":{"line":11,"column":null}},"3":{"start":{"line":12,"column":25},"end":{"line":12,"column":null}},"4":{"start":{"line":18,"column":2},"end":{"line":18,"column":null}},"5":{"start":{"line":25,"column":16},"end":{"line":25,"column":null}},"6":{"start":{"line":26,"column":2},"end":{"line":29,"column":null}},"7":{"start":{"line":30,"column":2},"end":{"line":30,"column":null}},"8":{"start":{"line":37,"column":17},"end":{"line":37,"column":null}},"9":{"start":{"line":39,"column":2},"end":{"line":41,"column":null}},"10":{"start":{"line":40,"column":4},"end":{"line":40,"column":null}},"11":{"start":{"line":44,"column":2},"end":{"line":47,"column":null}},"12":{"start":{"line":45,"column":4},"end":{"line":45,"column":null}},"13":{"start":{"line":46,"column":4},"end":{"line":46,"column":null}},"14":{"start":{"line":50,"column":2},"end":{"line":57,"column":null}},"15":{"start":{"line":51,"column":4},"end":{"line":54,"column":null}},"16":{"start":{"line":56,"column":4},"end":{"line":56,"column":null}},"17":{"start":{"line":63,"column":13},"end":{"line":82,"column":null}},"18":{"start":{"line":65,"column":21},"end":{"line":65,"column":null}},"19":{"start":{"line":68,"column":20},"end":{"line":68,"column":null}},"20":{"start":{"line":71,"column":2},"end":{"line":76,"column":null}},"21":{"start":{"line":79,"column":2},"end":{"line":79,"column":null}},"22":{"start":{"line":81,"column":2},"end":{"line":81,"column":null}},"23":{"start":{"line":87,"column":13},"end":{"line":150,"column":null}},"24":{"start":{"line":89,"column":22},"end":{"line":89,"column":null}},"25":{"start":{"line":90,"column":2},"end":{"line":92,"column":null}},"26":{"start":{"line":91,"column":4},"end":{"line":91,"column":null}},"27":{"start":{"line":95,"column":21},"end":{"line":95,"column":null}},"28":{"start":{"line":96,"column":2},"end":{"line":98,"column":null}},"29":{"start":{"line":97,"column":4},"end":{"line":97,"column":null}},"30":{"start":{"line":101,"column":21},"end":{"line":101,"column":null}},"31":{"start":{"line":103,"column":2},"end":{"line":114,"column":null}},"32":{"start":{"line":104,"column":4},"end":{"line":108,"column":null}},"33":{"start":{"line":110,"column":4},"end":{"line":113,"column":null}},"34":{"start":{"line":117,"column":20},"end":{"line":119,"column":null}},"35":{"start":{"line":121,"column":2},"end":{"line":133,"column":null}},"36":{"start":{"line":122,"column":4},"end":{"line":127,"column":null}},"37":{"start":{"line":129,"column":4},"end":{"line":132,"column":null}},"38":{"start":{"line":135,"column":2},"end":{"line":147,"column":null}},"39":{"start":{"line":136,"column":4},"end":{"line":141,"column":null}},"40":{"start":{"line":143,"column":4},"end":{"line":146,"column":null}},"41":{"start":{"line":149,"column":2},"end":{"line":149,"column":null}},"42":{"start":{"line":156,"column":14},"end":{"line":156,"column":null}},"43":{"start":{"line":157,"column":16},"end":{"line":157,"column":null}},"44":{"start":{"line":159,"column":2},"end":{"line":164,"column":null}},"45":{"start":{"line":160,"column":4},"end":{"line":163,"column":null}},"46":{"start":{"line":161,"column":6},"end":{"line":161,"column":null}},"47":{"start":{"line":162,"column":6},"end":{"line":162,"column":null}},"48":{"start":{"line":166,"column":2},"end":{"line":168,"column":null}},"49":{"start":{"line":167,"column":4},"end":{"line":167,"column":null}},"50":{"start":{"line":172,"column":0},"end":{"line":172,"column":null}},"51":{"start":{"line":178,"column":34},"end":{"line":243,"column":null}},"52":{"start":{"line":184,"column":4},"end":{"line":186,"column":null}},"53":{"start":{"line":185,"column":6},"end":{"line":185,"column":null}},"54":{"start":{"line":188,"column":18},"end":{"line":188,"column":null}},"55":{"start":{"line":190,"column":4},"end":{"line":195,"column":null}},"56":{"start":{"line":197,"column":4},"end":{"line":197,"column":null}},"57":{"start":{"line":204,"column":24},"end":{"line":204,"column":null}},"58":{"start":{"line":205,"column":4},"end":{"line":207,"column":null}},"59":{"start":{"line":206,"column":6},"end":{"line":206,"column":null}},"60":{"start":{"line":209,"column":24},"end":{"line":209,"column":null}},"61":{"start":{"line":210,"column":24},"end":{"line":210,"column":null}},"62":{"start":{"line":212,"column":4},"end":{"line":217,"column":null}},"63":{"start":{"line":213,"column":6},"end":{"line":216,"column":null}},"64":{"start":{"line":219,"column":4},"end":{"line":239,"column":null}},"65":{"start":{"line":220,"column":6},"end":{"line":233,"column":null}},"66":{"start":{"line":224,"column":8},"end":{"line":227,"column":null}},"67":{"start":{"line":229,"column":8},"end":{"line":232,"column":null}},"68":{"start":{"line":235,"column":6},"end":{"line":238,"column":null}},"69":{"start":{"line":241,"column":4},"end":{"line":241,"column":null}},"70":{"start":{"line":248,"column":36},"end":{"line":253,"column":null}}},"fnMap":{"0":{"name":"generateCSRFToken","decl":{"start":{"line":17,"column":16},"end":{"line":17,"column":44}},"loc":{"start":{"line":17,"column":44},"end":{"line":19,"column":null}},"line":17},"1":{"name":"storeCSRFToken","decl":{"start":{"line":24,"column":16},"end":{"line":24,"column":31}},"loc":{"start":{"line":24,"column":58},"end":{"line":31,"column":null}},"line":24},"2":{"name":"verifyCSRFToken","decl":{"start":{"line":36,"column":16},"end":{"line":36,"column":32}},"loc":{"start":{"line":36,"column":75},"end":{"line":58,"column":null}},"line":36},"3":{"name":"(anonymous_3)","decl":{"start":{"line":63,"column":13},"end":{"line":63,"column":29}},"loc":{"start":{"line":63,"column":81},"end":{"line":82,"column":null}},"line":63},"4":{"name":"(anonymous_4)","decl":{"start":{"line":87,"column":13},"end":{"line":87,"column":27}},"loc":{"start":{"line":87,"column":79},"end":{"line":150,"column":null}},"line":87},"5":{"name":"cleanupExpiredCSRFTokens","decl":{"start":{"line":155,"column":16},"end":{"line":155,"column":49}},"loc":{"start":{"line":155,"column":49},"end":{"line":169,"column":null}},"line":155},"6":{"name":"(anonymous_6)","decl":{"start":{"line":182,"column":2},"end":{"line":182,"column":14}},"loc":{"start":{"line":182,"column":66},"end":{"line":198,"column":null}},"line":182},"7":{"name":"(anonymous_7)","decl":{"start":{"line":203,"column":2},"end":{"line":203,"column":11}},"loc":{"start":{"line":203,"column":63},"end":{"line":242,"column":null}},"line":203}},"branchMap":{"0":{"loc":{"start":{"line":39,"column":2},"end":{"line":41,"column":null}},"type":"if","locations":[{"start":{"line":39,"column":2},"end":{"line":41,"column":null}},{"start":{},"end":{}}],"line":39},"1":{"loc":{"start":{"line":44,"column":2},"end":{"line":47,"column":null}},"type":"if","locations":[{"start":{"line":44,"column":2},"end":{"line":47,"column":null}},{"start":{},"end":{}}],"line":44},"2":{"loc":{"start":{"line":65,"column":21},"end":{"line":65,"column":null}},"type":"binary-expr","locations":[{"start":{"line":65,"column":21},"end":{"line":65,"column":52}},{"start":{"line":65,"column":52},"end":{"line":65,"column":78}},{"start":{"line":65,"column":78},"end":{"line":65,"column":null}}],"line":65},"3":{"loc":{"start":{"line":90,"column":2},"end":{"line":92,"column":null}},"type":"if","locations":[{"start":{"line":90,"column":2},"end":{"line":92,"column":null}},{"start":{},"end":{}}],"line":90},"4":{"loc":{"start":{"line":96,"column":2},"end":{"line":98,"column":null}},"type":"if","locations":[{"start":{"line":96,"column":2},"end":{"line":98,"column":null}},{"start":{},"end":{}}],"line":96},"5":{"loc":{"start":{"line":96,"column":6},"end":{"line":96,"column":72}},"type":"binary-expr","locations":[{"start":{"line":96,"column":6},"end":{"line":96,"column":43}},{"start":{"line":96,"column":43},"end":{"line":96,"column":72}}],"line":96},"6":{"loc":{"start":{"line":101,"column":21},"end":{"line":101,"column":null}},"type":"binary-expr","locations":[{"start":{"line":101,"column":21},"end":{"line":101,"column":52}},{"start":{"line":101,"column":52},"end":{"line":101,"column":null}}],"line":101},"7":{"loc":{"start":{"line":103,"column":2},"end":{"line":114,"column":null}},"type":"if","locations":[{"start":{"line":103,"column":2},"end":{"line":114,"column":null}},{"start":{},"end":{}}],"line":103},"8":{"loc":{"start":{"line":117,"column":20},"end":{"line":119,"column":null}},"type":"binary-expr","locations":[{"start":{"line":117,"column":20},"end":{"line":117,"column":null}},{"start":{"line":118,"column":4},"end":{"line":118,"column":null}},{"start":{"line":119,"column":4},"end":{"line":119,"column":null}}],"line":117},"9":{"loc":{"start":{"line":121,"column":2},"end":{"line":133,"column":null}},"type":"if","locations":[{"start":{"line":121,"column":2},"end":{"line":133,"column":null}},{"start":{},"end":{}}],"line":121},"10":{"loc":{"start":{"line":135,"column":2},"end":{"line":147,"column":null}},"type":"if","locations":[{"start":{"line":135,"column":2},"end":{"line":147,"column":null}},{"start":{},"end":{}}],"line":135},"11":{"loc":{"start":{"line":160,"column":4},"end":{"line":163,"column":null}},"type":"if","locations":[{"start":{"line":160,"column":4},"end":{"line":163,"column":null}},{"start":{},"end":{}}],"line":160},"12":{"loc":{"start":{"line":166,"column":2},"end":{"line":168,"column":null}},"type":"if","locations":[{"start":{"line":166,"column":2},"end":{"line":168,"column":null}},{"start":{},"end":{}}],"line":166},"13":{"loc":{"start":{"line":184,"column":4},"end":{"line":186,"column":null}},"type":"if","locations":[{"start":{"line":184,"column":4},"end":{"line":186,"column":null}},{"start":{},"end":{}}],"line":184},"14":{"loc":{"start":{"line":205,"column":4},"end":{"line":207,"column":null}},"type":"if","locations":[{"start":{"line":205,"column":4},"end":{"line":207,"column":null}},{"start":{},"end":{}}],"line":205},"15":{"loc":{"start":{"line":212,"column":4},"end":{"line":217,"column":null}},"type":"if","locations":[{"start":{"line":212,"column":4},"end":{"line":217,"column":null}},{"start":{},"end":{}}],"line":212},"16":{"loc":{"start":{"line":212,"column":8},"end":{"line":212,"column":38}},"type":"binary-expr","locations":[{"start":{"line":212,"column":8},"end":{"line":212,"column":24}},{"start":{"line":212,"column":24},"end":{"line":212,"column":38}}],"line":212},"17":{"loc":{"start":{"line":220,"column":6},"end":{"line":233,"column":null}},"type":"if","locations":[{"start":{"line":220,"column":6},"end":{"line":233,"column":null}},{"start":{},"end":{}}],"line":220}},"s":{"0":3,"1":3,"2":3,"3":3,"4":0,"5":0,"6":0,"7":0,"8":0,"9":0,"10":0,"11":0,"12":0,"13":0,"14":0,"15":0,"16":0,"17":3,"18":0,"19":0,"20":0,"21":0,"22":0,"23":3,"24":0,"25":0,"26":0,"27":0,"28":0,"29":0,"30":0,"31":0,"32":0,"33":0,"34":0,"35":0,"36":0,"37":0,"38":0,"39":0,"40":0,"41":0,"42":0,"43":0,"44":0,"45":0,"46":0,"47":0,"48":0,"49":0,"50":3,"51":3,"52":0,"53":0,"54":0,"55":0,"56":0,"57":0,"58":0,"59":0,"60":0,"61":0,"62":0,"63":0,"64":0,"65":0,"66":0,"67":0,"68":0,"69":0,"70":3},"f":{"0":0,"1":0,"2":0,"3":0,"4":0,"5":0,"6":0,"7":0},"b":{"0":[0,0],"1":[0,0],"2":[0,0,0],"3":[0,0],"4":[0,0],"5":[0,0],"6":[0,0],"7":[0,0],"8":[0,0,0],"9":[0,0],"10":[0,0],"11":[0,0],"12":[0,0],"13":[0,0],"14":[0,0],"15":[0,0],"16":[0,0],"17":[0,0]},"meta":{"lastBranch":18,"lastFunction":8,"lastStatement":71,"seen":{"s:8:23:8:Infinity":0,"s:10:26:10:Infinity":1,"s:11:25:11:Infinity":2,"s:12:25:12:Infinity":3,"f:17:16:17:44":0,"s:18:2:18:Infinity":4,"f:24:16:24:31":1,"s:25:16:25:Infinity":5,"s:26:2:29:Infinity":6,"s:30:2:30:Infinity":7,"f:36:16:36:32":2,"s:37:17:37:Infinity":8,"b:39:2:41:Infinity:undefined:undefined:undefined:undefined":0,"s:39:2:41:Infinity":9,"s:40:4:40:Infinity":10,"b:44:2:47:Infinity:undefined:undefined:undefined:undefined":1,"s:44:2:47:Infinity":11,"s:45:4:45:Infinity":12,"s:46:4:46:Infinity":13,"s:50:2:57:Infinity":14,"s:51:4:54:Infinity":15,"s:56:4:56:Infinity":16,"s:63:13:82:Infinity":17,"f:63:13:63:29":3,"s:65:21:65:Infinity":18,"b:65:21:65:52:65:52:65:78:65:78:65:Infinity":2,"s:68:20:68:Infinity":19,"s:71:2:76:Infinity":20,"s:79:2:79:Infinity":21,"s:81:2:81:Infinity":22,"s:87:13:150:Infinity":23,"f:87:13:87:27":4,"s:89:22:89:Infinity":24,"b:90:2:92:Infinity:undefined:undefined:undefined:undefined":3,"s:90:2:92:Infinity":25,"s:91:4:91:Infinity":26,"s:95:21:95:Infinity":27,"b:96:2:98:Infinity:undefined:undefined:undefined:undefined":4,"s:96:2:98:Infinity":28,"b:96:6:96:43:96:43:96:72":5,"s:97:4:97:Infinity":29,"s:101:21:101:Infinity":30,"b:101:21:101:52:101:52:101:Infinity":6,"b:103:2:114:Infinity:undefined:undefined:undefined:undefined":7,"s:103:2:114:Infinity":31,"s:104:4:108:Infinity":32,"s:110:4:113:Infinity":33,"s:117:20:119:Infinity":34,"b:117:20:117:Infinity:118:4:118:Infinity:119:4:119:Infinity":8,"b:121:2:133:Infinity:undefined:undefined:undefined:undefined":9,"s:121:2:133:Infinity":35,"s:122:4:127:Infinity":36,"s:129:4:132:Infinity":37,"b:135:2:147:Infinity:undefined:undefined:undefined:undefined":10,"s:135:2:147:Infinity":38,"s:136:4:141:Infinity":39,"s:143:4:146:Infinity":40,"s:149:2:149:Infinity":41,"f:155:16:155:49":5,"s:156:14:156:Infinity":42,"s:157:16:157:Infinity":43,"s:159:2:164:Infinity":44,"b:160:4:163:Infinity:undefined:undefined:undefined:undefined":11,"s:160:4:163:Infinity":45,"s:161:6:161:Infinity":46,"s:162:6:162:Infinity":47,"b:166:2:168:Infinity:undefined:undefined:undefined:undefined":12,"s:166:2:168:Infinity":48,"s:167:4:167:Infinity":49,"s:172:0:172:Infinity":50,"s:178:34:243:Infinity":51,"f:182:2:182:14":6,"b:184:4:186:Infinity:undefined:undefined:undefined:undefined":13,"s:184:4:186:Infinity":52,"s:185:6:185:Infinity":53,"s:188:18:188:Infinity":54,"s:190:4:195:Infinity":55,"s:197:4:197:Infinity":56,"f:203:2:203:11":7,"s:204:24:204:Infinity":57,"b:205:4:207:Infinity:undefined:undefined:undefined:undefined":14,"s:205:4:207:Infinity":58,"s:206:6:206:Infinity":59,"s:209:24:209:Infinity":60,"s:210:24:210:Infinity":61,"b:212:4:217:Infinity:undefined:undefined:undefined:undefined":15,"s:212:4:217:Infinity":62,"b:212:8:212:24:212:24:212:38":16,"s:213:6:216:Infinity":63,"s:219:4:239:Infinity":64,"b:220:6:233:Infinity:undefined:undefined:undefined:undefined":17,"s:220:6:233:Infinity":65,"s:224:8:227:Infinity":66,"s:229:8:232:Infinity":67,"s:235:6:238:Infinity":68,"s:241:4:241:Infinity":69,"s:248:36:253:Infinity":70},"fnNames":{}}}
,"/Users/dipansrimany/dev/hospital/backend/src/middleware/errorHandler.ts": {"path":"/Users/dipansrimany/dev/hospital/backend/src/middleware/errorHandler.ts","statementMap":{"0":{"start":{"line":14,"column":4},"end":{"line":14,"column":null}},"1":{"start":{"line":15,"column":4},"end":{"line":15,"column":null}},"2":{"start":{"line":16,"column":4},"end":{"line":16,"column":null}},"3":{"start":{"line":17,"column":4},"end":{"line":17,"column":null}},"4":{"start":{"line":19,"column":4},"end":{"line":19,"column":null}},"5":{"start":{"line":27,"column":4},"end":{"line":27,"column":null}},"6":{"start":{"line":28,"column":4},"end":{"line":28,"column":null}},"7":{"start":{"line":34,"column":4},"end":{"line":34,"column":null}},"8":{"start":{"line":40,"column":4},"end":{"line":40,"column":null}},"9":{"start":{"line":46,"column":4},"end":{"line":46,"column":null}},"10":{"start":{"line":52,"column":4},"end":{"line":52,"column":null}},"11":{"start":{"line":66,"column":34},"end":{"line":69,"column":null}},"12":{"start":{"line":71,"column":2},"end":{"line":73,"column":null}},"13":{"start":{"line":72,"column":4},"end":{"line":72,"column":null}},"14":{"start":{"line":75,"column":2},"end":{"line":77,"column":null}},"15":{"start":{"line":76,"column":4},"end":{"line":76,"column":null}},"16":{"start":{"line":79,"column":2},"end":{"line":79,"column":null}},"17":{"start":{"line":84,"column":17},"end":{"line":88,"column":null}},"18":{"start":{"line":84,"column":44},"end":{"line":88,"column":4}},"19":{"start":{"line":90,"column":2},"end":{"line":90,"column":null}},"20":{"start":{"line":95,"column":2},"end":{"line":112,"column":null}},"21":{"start":{"line":97,"column":12},"end":{"line":97,"column":null}},"22":{"start":{"line":98,"column":6},"end":{"line":98,"column":null}},"23":{"start":{"line":101,"column":6},"end":{"line":101,"column":null}},"24":{"start":{"line":104,"column":6},"end":{"line":104,"column":null}},"25":{"start":{"line":107,"column":6},"end":{"line":107,"column":null}},"26":{"start":{"line":110,"column":6},"end":{"line":110,"column":null}},"27":{"start":{"line":111,"column":6},"end":{"line":111,"column":null}},"28":{"start":{"line":116,"column":13},"end":{"line":162,"column":null}},"29":{"start":{"line":123,"column":2},"end":{"line":131,"column":null}},"30":{"start":{"line":136,"column":2},"end":{"line":153,"column":null}},"31":{"start":{"line":137,"column":4},"end":{"line":137,"column":null}},"32":{"start":{"line":138,"column":9},"end":{"line":153,"column":null}},"33":{"start":{"line":139,"column":4},"end":{"line":139,"column":null}},"34":{"start":{"line":140,"column":9},"end":{"line":153,"column":null}},"35":{"start":{"line":141,"column":4},"end":{"line":141,"column":null}},"36":{"start":{"line":142,"column":9},"end":{"line":153,"column":null}},"37":{"start":{"line":143,"column":4},"end":{"line":143,"column":null}},"38":{"start":{"line":144,"column":9},"end":{"line":153,"column":null}},"39":{"start":{"line":145,"column":4},"end":{"line":145,"column":null}},"40":{"start":{"line":148,"column":4},"end":{"line":152,"column":null}},"41":{"start":{"line":157,"column":19},"end":{"line":160,"column":null}},"42":{"start":{"line":161,"column":2},"end":{"line":161,"column":null}},"43":{"start":{"line":165,"column":13},"end":{"line":170,"column":null}},"44":{"start":{"line":166,"column":2},"end":{"line":169,"column":null}},"45":{"start":{"line":173,"column":13},"end":{"line":177,"column":null}},"46":{"start":{"line":174,"column":2},"end":{"line":176,"column":null}},"47":{"start":{"line":175,"column":4},"end":{"line":175,"column":null}}},"fnMap":{"0":{"name":"constructor","decl":{"start":{"line":13,"column":2},"end":{"line":13,"column":14}},"loc":{"start":{"line":13,"column":72},"end":{"line":20,"column":null}},"line":13},"1":{"name":"constructor_2","decl":{"start":{"line":26,"column":2},"end":{"line":26,"column":14}},"loc":{"start":{"line":26,"column":51},"end":{"line":29,"column":null}},"line":26},"2":{"name":"constructor_3","decl":{"start":{"line":33,"column":2},"end":{"line":33,"column":14}},"loc":{"start":{"line":33,"column":45},"end":{"line":35,"column":null}},"line":33},"3":{"name":"constructor_4","decl":{"start":{"line":39,"column":2},"end":{"line":39,"column":14}},"loc":{"start":{"line":39,"column":48},"end":{"line":41,"column":null}},"line":39},"4":{"name":"constructor_5","decl":{"start":{"line":45,"column":2},"end":{"line":45,"column":14}},"loc":{"start":{"line":45,"column":49},"end":{"line":47,"column":null}},"line":45},"5":{"name":"constructor_6","decl":{"start":{"line":51,"column":2},"end":{"line":51,"column":14}},"loc":{"start":{"line":51,"column":59},"end":{"line":53,"column":null}},"line":51},"6":{"name":"formatErrorResponse","decl":{"start":{"line":65,"column":9},"end":{"line":65,"column":29}},"loc":{"start":{"line":65,"column":84},"end":{"line":80,"column":null}},"line":65},"7":{"name":"handleZodError","decl":{"start":{"line":83,"column":9},"end":{"line":83,"column":24}},"loc":{"start":{"line":83,"column":58},"end":{"line":91,"column":null}},"line":83},"8":{"name":"(anonymous_8)","decl":{"start":{"line":84,"column":30},"end":{"line":84,"column":35}},"loc":{"start":{"line":84,"column":44},"end":{"line":88,"column":4}},"line":84},"9":{"name":"handlePrismaError","decl":{"start":{"line":94,"column":9},"end":{"line":94,"column":27}},"loc":{"start":{"line":94,"column":82},"end":{"line":113,"column":null}},"line":94},"10":{"name":"(anonymous_10)","decl":{"start":{"line":116,"column":13},"end":{"line":116,"column":null}},"loc":{"start":{"line":121,"column":5},"end":{"line":162,"column":null}},"line":121},"11":{"name":"(anonymous_11)","decl":{"start":{"line":165,"column":13},"end":{"line":165,"column":32}},"loc":{"start":{"line":165,"column":64},"end":{"line":170,"column":null}},"line":165},"12":{"name":"(anonymous_12)","decl":{"start":{"line":173,"column":13},"end":{"line":173,"column":29}},"loc":{"start":{"line":173,"column":46},"end":{"line":177,"column":null}},"line":173},"13":{"name":"(anonymous_13)","decl":{"start":{"line":174,"column":2},"end":{"line":174,"column":10}},"loc":{"start":{"line":174,"column":62},"end":{"line":176,"column":null}},"line":174}},"branchMap":{"0":{"loc":{"start":{"line":13,"column":31},"end":{"line":13,"column":57}},"type":"default-arg","locations":[{"start":{"line":13,"column":52},"end":{"line":13,"column":57}}],"line":13},"1":{"loc":{"start":{"line":26,"column":31},"end":{"line":26,"column":51}},"type":"default-arg","locations":[{"start":{"line":26,"column":47},"end":{"line":26,"column":51}}],"line":26},"2":{"loc":{"start":{"line":33,"column":14},"end":{"line":33,"column":45}},"type":"default-arg","locations":[{"start":{"line":33,"column":33},"end":{"line":33,"column":45}}],"line":33},"3":{"loc":{"start":{"line":39,"column":14},"end":{"line":39,"column":48}},"type":"default-arg","locations":[{"start":{"line":39,"column":32},"end":{"line":39,"column":48}}],"line":39},"4":{"loc":{"start":{"line":45,"column":14},"end":{"line":45,"column":49}},"type":"default-arg","locations":[{"start":{"line":45,"column":32},"end":{"line":45,"column":49}}],"line":45},"5":{"loc":{"start":{"line":51,"column":14},"end":{"line":51,"column":59}},"type":"default-arg","locations":[{"start":{"line":51,"column":32},"end":{"line":51,"column":59}}],"line":51},"6":{"loc":{"start":{"line":67,"column":11},"end":{"line":67,"column":null}},"type":"binary-expr","locations":[{"start":{"line":67,"column":11},"end":{"line":67,"column":25}},{"start":{"line":67,"column":25},"end":{"line":67,"column":null}}],"line":67},"7":{"loc":{"start":{"line":71,"column":2},"end":{"line":73,"column":null}},"type":"if","locations":[{"start":{"line":71,"column":2},"end":{"line":73,"column":null}},{"start":{},"end":{}}],"line":71},"8":{"loc":{"start":{"line":71,"column":6},"end":{"line":71,"column":67}},"type":"binary-expr","locations":[{"start":{"line":71,"column":6},"end":{"line":71,"column":42}},{"start":{"line":71,"column":42},"end":{"line":71,"column":67}}],"line":71},"9":{"loc":{"start":{"line":75,"column":2},"end":{"line":77,"column":null}},"type":"if","locations":[{"start":{"line":75,"column":2},"end":{"line":77,"column":null}},{"start":{},"end":{}}],"line":75},"10":{"loc":{"start":{"line":75,"column":6},"end":{"line":75,"column":35}},"type":"binary-expr","locations":[{"start":{"line":75,"column":6},"end":{"line":75,"column":22}},{"start":{"line":75,"column":22},"end":{"line":75,"column":35}}],"line":75},"11":{"loc":{"start":{"line":95,"column":2},"end":{"line":112,"column":null}},"type":"switch","locations":[{"start":{"line":96,"column":4},"end":{"line":98,"column":null}},{"start":{"line":100,"column":4},"end":{"line":101,"column":null}},{"start":{"line":103,"column":4},"end":{"line":104,"column":null}},{"start":{"line":106,"column":4},"end":{"line":107,"column":null}},{"start":{"line":109,"column":4},"end":{"line":111,"column":null}}],"line":95},"12":{"loc":{"start":{"line":97,"column":12},"end":{"line":97,"column":null}},"type":"binary-expr","locations":[{"start":{"line":97,"column":12},"end":{"line":97,"column":68}},{"start":{"line":97,"column":68},"end":{"line":97,"column":null}}],"line":97},"13":{"loc":{"start":{"line":136,"column":2},"end":{"line":153,"column":null}},"type":"if","locations":[{"start":{"line":136,"column":2},"end":{"line":153,"column":null}},{"start":{"line":138,"column":9},"end":{"line":153,"column":null}}],"line":136},"14":{"loc":{"start":{"line":138,"column":9},"end":{"line":153,"column":null}},"type":"if","locations":[{"start":{"line":138,"column":9},"end":{"line":153,"column":null}},{"start":{"line":140,"column":9},"end":{"line":153,"column":null}}],"line":138},"15":{"loc":{"start":{"line":140,"column":9},"end":{"line":153,"column":null}},"type":"if","locations":[{"start":{"line":140,"column":9},"end":{"line":153,"column":null}},{"start":{"line":142,"column":9},"end":{"line":153,"column":null}}],"line":140},"16":{"loc":{"start":{"line":142,"column":9},"end":{"line":153,"column":null}},"type":"if","locations":[{"start":{"line":142,"column":9},"end":{"line":153,"column":null}},{"start":{"line":144,"column":9},"end":{"line":153,"column":null}}],"line":142},"17":{"loc":{"start":{"line":144,"column":9},"end":{"line":153,"column":null}},"type":"if","locations":[{"start":{"line":144,"column":9},"end":{"line":153,"column":null}},{"start":{"line":146,"column":9},"end":{"line":153,"column":null}}],"line":144},"18":{"loc":{"start":{"line":144,"column":13},"end":{"line":144,"column":58}},"type":"binary-expr","locations":[{"start":{"line":144,"column":13},"end":{"line":144,"column":43}},{"start":{"line":144,"column":43},"end":{"line":144,"column":58}}],"line":144},"19":{"loc":{"start":{"line":149,"column":6},"end":{"line":149,"column":null}},"type":"cond-expr","locations":[{"start":{"line":149,"column":28},"end":{"line":149,"column":61}},{"start":{"line":149,"column":61},"end":{"line":149,"column":null}}],"line":149}},"s":{"0":0,"1":0,"2":0,"3":0,"4":0,"5":0,"6":0,"7":0,"8":0,"9":0,"10":0,"11":0,"12":0,"13":0,"14":0,"15":0,"16":0,"17":0,"18":0,"19":0,"20":0,"21":0,"22":0,"23":0,"24":0,"25":0,"26":0,"27":0,"28":3,"29":0,"30":0,"31":0,"32":0,"33":0,"34":0,"35":0,"36":0,"37":0,"38":0,"39":0,"40":0,"41":0,"42":0,"43":3,"44":0,"45":3,"46":0,"47":0},"f":{"0":0,"1":0,"2":0,"3":0,"4":0,"5":0,"6":0,"7":0,"8":0,"9":0,"10":0,"11":0,"12":0,"13":0},"b":{"0":[0],"1":[0],"2":[0],"3":[0],"4":[0],"5":[0],"6":[0,0],"7":[0,0],"8":[0,0],"9":[0,0],"10":[0,0],"11":[0,0,0,0,0],"12":[0,0],"13":[0,0],"14":[0,0],"15":[0,0],"16":[0,0],"17":[0,0],"18":[0,0],"19":[0,0]},"meta":{"lastBranch":20,"lastFunction":14,"lastStatement":48,"seen":{"f:13:2:13:14":0,"b:13:52:13:57":0,"s:14:4:14:Infinity":0,"s:15:4:15:Infinity":1,"s:16:4:16:Infinity":2,"s:17:4:17:Infinity":3,"s:19:4:19:Infinity":4,"f:26:2:26:14":1,"b:26:47:26:51":1,"s:27:4:27:Infinity":5,"s:28:4:28:Infinity":6,"f:33:2:33:14":2,"b:33:33:33:45":2,"s:34:4:34:Infinity":7,"f:39:2:39:14":3,"b:39:32:39:48":3,"s:40:4:40:Infinity":8,"f:45:2:45:14":4,"b:45:32:45:49":4,"s:46:4:46:Infinity":9,"f:51:2:51:14":5,"b:51:32:51:59":5,"s:52:4:52:Infinity":10,"f:65:9:65:29":6,"s:66:34:69:Infinity":11,"b:67:11:67:25:67:25:67:Infinity":6,"b:71:2:73:Infinity:undefined:undefined:undefined:undefined":7,"s:71:2:73:Infinity":12,"b:71:6:71:42:71:42:71:67":8,"s:72:4:72:Infinity":13,"b:75:2:77:Infinity:undefined:undefined:undefined:undefined":9,"s:75:2:77:Infinity":14,"b:75:6:75:22:75:22:75:35":10,"s:76:4:76:Infinity":15,"s:79:2:79:Infinity":16,"f:83:9:83:24":7,"s:84:17:88:Infinity":17,"f:84:30:84:35":8,"s:84:44:88:4":18,"s:90:2:90:Infinity":19,"f:94:9:94:27":9,"b:96:4:98:Infinity:100:4:101:Infinity:103:4:104:Infinity:106:4:107:Infinity:109:4:111:Infinity":11,"s:95:2:112:Infinity":20,"s:97:12:97:Infinity":21,"b:97:12:97:68:97:68:97:Infinity":12,"s:98:6:98:Infinity":22,"s:101:6:101:Infinity":23,"s:104:6:104:Infinity":24,"s:107:6:107:Infinity":25,"s:110:6:110:Infinity":26,"s:111:6:111:Infinity":27,"s:116:13:162:Infinity":28,"f:116:13:116:Infinity":10,"s:123:2:131:Infinity":29,"b:136:2:153:Infinity:138:9:153:Infinity":13,"s:136:2:153:Infinity":30,"s:137:4:137:Infinity":31,"b:138:9:153:Infinity:140:9:153:Infinity":14,"s:138:9:153:Infinity":32,"s:139:4:139:Infinity":33,"b:140:9:153:Infinity:142:9:153:Infinity":15,"s:140:9:153:Infinity":34,"s:141:4:141:Infinity":35,"b:142:9:153:Infinity:144:9:153:Infinity":16,"s:142:9:153:Infinity":36,"s:143:4:143:Infinity":37,"b:144:9:153:Infinity:146:9:153:Infinity":17,"s:144:9:153:Infinity":38,"b:144:13:144:43:144:43:144:58":18,"s:145:4:145:Infinity":39,"s:148:4:152:Infinity":40,"b:149:28:149:61:149:61:149:Infinity":19,"s:157:19:160:Infinity":41,"s:161:2:161:Infinity":42,"s:165:13:170:Infinity":43,"f:165:13:165:32":11,"s:166:2:169:Infinity":44,"s:173:13:177:Infinity":45,"f:173:13:173:29":12,"s:174:2:176:Infinity":46,"f:174:2:174:10":13,"s:175:4:175:Infinity":47},"fnNames":{}}}
,"/Users/dipansrimany/dev/hospital/backend/src/middleware/hipaa.ts": {"path":"/Users/dipansrimany/dev/hospital/backend/src/middleware/hipaa.ts","statementMap":{"0":{"start":{"line":9,"column":29},"end":{"line":9,"column":null}},"1":{"start":{"line":10,"column":18},"end":{"line":10,"column":null}},"2":{"start":{"line":11,"column":20},"end":{"line":11,"column":null}},"3":{"start":{"line":12,"column":19},"end":{"line":12,"column":null}},"4":{"start":{"line":13,"column":19},"end":{"line":13,"column":null}},"5":{"start":{"line":14,"column":19},"end":{"line":14,"column":null}},"6":{"start":{"line":22,"column":6},"end":{"line":25,"column":null}},"7":{"start":{"line":23,"column":17},"end":{"line":23,"column":null}},"8":{"start":{"line":24,"column":2},"end":{"line":24,"column":null}},"9":{"start":{"line":33,"column":14},"end":{"line":33,"column":null}},"10":{"start":{"line":34,"column":8},"end":{"line":34,"column":null}},"11":{"start":{"line":36,"column":2},"end":{"line":54,"column":null}},"12":{"start":{"line":37,"column":4},"end":{"line":42,"column":null}},"13":{"start":{"line":38,"column":6},"end":{"line":41,"column":null}},"14":{"start":{"line":43,"column":4},"end":{"line":45,"column":null}},"15":{"start":{"line":44,"column":6},"end":{"line":44,"column":null}},"16":{"start":{"line":46,"column":4},"end":{"line":48,"column":null}},"17":{"start":{"line":47,"column":6},"end":{"line":47,"column":null}},"18":{"start":{"line":49,"column":9},"end":{"line":54,"column":null}},"19":{"start":{"line":50,"column":4},"end":{"line":53,"column":null}},"20":{"start":{"line":61,"column":13},"end":{"line":61,"column":null}},"21":{"start":{"line":62,"column":14},"end":{"line":62,"column":null}},"22":{"start":{"line":63,"column":17},"end":{"line":63,"column":null}},"23":{"start":{"line":65,"column":18},"end":{"line":65,"column":null}},"24":{"start":{"line":66,"column":2},"end":{"line":66,"column":null}},"25":{"start":{"line":68,"column":18},"end":{"line":68,"column":null}},"26":{"start":{"line":71,"column":2},"end":{"line":71,"column":null}},"27":{"start":{"line":78,"column":16},"end":{"line":78,"column":null}},"28":{"start":{"line":79,"column":2},"end":{"line":81,"column":null}},"29":{"start":{"line":80,"column":4},"end":{"line":80,"column":null}},"30":{"start":{"line":83,"column":13},"end":{"line":83,"column":null}},"31":{"start":{"line":84,"column":18},"end":{"line":84,"column":null}},"32":{"start":{"line":85,"column":20},"end":{"line":85,"column":null}},"33":{"start":{"line":87,"column":14},"end":{"line":87,"column":null}},"34":{"start":{"line":88,"column":19},"end":{"line":88,"column":null}},"35":{"start":{"line":89,"column":2},"end":{"line":89,"column":null}},"36":{"start":{"line":91,"column":18},"end":{"line":91,"column":null}},"37":{"start":{"line":92,"column":2},"end":{"line":92,"column":null}},"38":{"start":{"line":94,"column":2},"end":{"line":94,"column":null}},"39":{"start":{"line":101,"column":15},"end":{"line":101,"column":null}},"40":{"start":{"line":102,"column":15},"end":{"line":102,"column":null}},"41":{"start":{"line":103,"column":2},"end":{"line":103,"column":null}},"42":{"start":{"line":110,"column":16},"end":{"line":110,"column":null}},"43":{"start":{"line":111,"column":2},"end":{"line":111,"column":null}},"44":{"start":{"line":111,"column":26},"end":{"line":111,"column":null}},"45":{"start":{"line":113,"column":15},"end":{"line":113,"column":null}},"46":{"start":{"line":114,"column":23},"end":{"line":114,"column":null}},"47":{"start":{"line":116,"column":15},"end":{"line":116,"column":null}},"48":{"start":{"line":117,"column":2},"end":{"line":117,"column":null}},"49":{"start":{"line":121,"column":19},"end":{"line":134,"column":null}},"50":{"start":{"line":140,"column":13},"end":{"line":183,"column":null}},"51":{"start":{"line":145,"column":21},"end":{"line":145,"column":null}},"52":{"start":{"line":145,"column":46},"end":{"line":145,"column":72}},"53":{"start":{"line":147,"column":2},"end":{"line":180,"column":null}},"54":{"start":{"line":148,"column":22},"end":{"line":148,"column":null}},"55":{"start":{"line":151,"column":4},"end":{"line":156,"column":null}},"56":{"start":{"line":159,"column":25},"end":{"line":159,"column":null}},"57":{"start":{"line":160,"column":4},"end":{"line":179,"column":null}},"58":{"start":{"line":161,"column":23},"end":{"line":161,"column":null}},"59":{"start":{"line":163,"column":6},"end":{"line":176,"column":null}},"60":{"start":{"line":178,"column":6},"end":{"line":178,"column":null}},"61":{"start":{"line":182,"column":2},"end":{"line":182,"column":null}},"62":{"start":{"line":189,"column":13},"end":{"line":223,"column":null}},"63":{"start":{"line":198,"column":8},"end":{"line":211,"column":null}},"64":{"start":{"line":199,"column":4},"end":{"line":199,"column":null}},"65":{"start":{"line":199,"column":15},"end":{"line":199,"column":null}},"66":{"start":{"line":201,"column":28},"end":{"line":201,"column":null}},"67":{"start":{"line":202,"column":22},"end":{"line":202,"column":null}},"68":{"start":{"line":204,"column":4},"end":{"line":208,"column":null}},"69":{"start":{"line":205,"column":6},"end":{"line":207,"column":null}},"70":{"start":{"line":206,"column":8},"end":{"line":206,"column":null}},"71":{"start":{"line":210,"column":4},"end":{"line":210,"column":null}},"72":{"start":{"line":213,"column":2},"end":{"line":222,"column":null}},"73":{"start":{"line":234,"column":23},"end":{"line":234,"column":null}},"74":{"start":{"line":236,"column":13},"end":{"line":276,"column":null}},"75":{"start":{"line":241,"column":2},"end":{"line":243,"column":null}},"76":{"start":{"line":242,"column":4},"end":{"line":242,"column":null}},"77":{"start":{"line":245,"column":21},"end":{"line":245,"column":null}},"78":{"start":{"line":246,"column":14},"end":{"line":246,"column":null}},"79":{"start":{"line":247,"column":8},"end":{"line":247,"column":null}},"80":{"start":{"line":249,"column":18},"end":{"line":249,"column":null}},"81":{"start":{"line":251,"column":2},"end":{"line":267,"column":null}},"82":{"start":{"line":252,"column":4},"end":{"line":266,"column":null}},"83":{"start":{"line":254,"column":6},"end":{"line":254,"column":null}},"84":{"start":{"line":256,"column":6},"end":{"line":260,"column":null}},"85":{"start":{"line":262,"column":6},"end":{"line":265,"column":null}},"86":{"start":{"line":270,"column":2},"end":{"line":273,"column":null}},"87":{"start":{"line":275,"column":2},"end":{"line":275,"column":null}},"88":{"start":{"line":281,"column":13},"end":{"line":290,"column":null}},"89":{"start":{"line":282,"column":8},"end":{"line":282,"column":null}},"90":{"start":{"line":283,"column":14},"end":{"line":283,"column":null}},"91":{"start":{"line":285,"column":2},"end":{"line":289,"column":null}},"92":{"start":{"line":286,"column":4},"end":{"line":288,"column":null}},"93":{"start":{"line":287,"column":6},"end":{"line":287,"column":null}},"94":{"start":{"line":293,"column":0},"end":{"line":293,"column":null}},"95":{"start":{"line":298,"column":13},"end":{"line":304,"column":null}},"96":{"start":{"line":299,"column":2},"end":{"line":303,"column":null}},"97":{"start":{"line":300,"column":4},"end":{"line":302,"column":null}},"98":{"start":{"line":301,"column":6},"end":{"line":301,"column":null}},"99":{"start":{"line":310,"column":13},"end":{"line":325,"column":null}},"100":{"start":{"line":316,"column":2},"end":{"line":324,"column":null}},"101":{"start":{"line":331,"column":13},"end":{"line":357,"column":null}},"102":{"start":{"line":332,"column":2},"end":{"line":332,"column":null}},"103":{"start":{"line":332,"column":13},"end":{"line":332,"column":null}},"104":{"start":{"line":334,"column":2},"end":{"line":336,"column":null}},"105":{"start":{"line":335,"column":4},"end":{"line":335,"column":null}},"106":{"start":{"line":335,"column":28},"end":{"line":335,"column":55}},"107":{"start":{"line":338,"column":2},"end":{"line":354,"column":null}},"108":{"start":{"line":339,"column":19},"end":{"line":339,"column":null}},"109":{"start":{"line":340,"column":4},"end":{"line":352,"column":null}},"110":{"start":{"line":341,"column":6},"end":{"line":351,"column":null}},"111":{"start":{"line":342,"column":8},"end":{"line":350,"column":null}},"112":{"start":{"line":344,"column":24},"end":{"line":344,"column":null}},"113":{"start":{"line":345,"column":10},"end":{"line":349,"column":null}},"114":{"start":{"line":346,"column":12},"end":{"line":346,"column":null}},"115":{"start":{"line":348,"column":12},"end":{"line":348,"column":null}},"116":{"start":{"line":353,"column":4},"end":{"line":353,"column":null}},"117":{"start":{"line":356,"column":2},"end":{"line":356,"column":null}},"118":{"start":{"line":362,"column":13},"end":{"line":383,"column":null}},"119":{"start":{"line":364,"column":2},"end":{"line":364,"column":null}},"120":{"start":{"line":365,"column":2},"end":{"line":365,"column":null}},"121":{"start":{"line":366,"column":2},"end":{"line":366,"column":null}},"122":{"start":{"line":369,"column":2},"end":{"line":369,"column":null}},"123":{"start":{"line":372,"column":2},"end":{"line":372,"column":null}},"124":{"start":{"line":375,"column":2},"end":{"line":375,"column":null}},"125":{"start":{"line":378,"column":2},"end":{"line":380,"column":null}},"126":{"start":{"line":379,"column":4},"end":{"line":379,"column":null}},"127":{"start":{"line":382,"column":2},"end":{"line":382,"column":null}},"128":{"start":{"line":389,"column":13},"end":{"line":413,"column":null}},"129":{"start":{"line":400,"column":2},"end":{"line":410,"column":null}},"130":{"start":{"line":401,"column":22},"end":{"line":401,"column":null}},"131":{"start":{"line":403,"column":4},"end":{"line":409,"column":null}},"132":{"start":{"line":412,"column":2},"end":{"line":412,"column":null}}},"fnMap":{"0":{"name":"(anonymous_0)","decl":{"start":{"line":22,"column":6},"end":{"line":22,"column":39}},"loc":{"start":{"line":22,"column":39},"end":{"line":25,"column":null}},"line":22},"1":{"name":"assertPHIEncryptionKeyOK","decl":{"start":{"line":32,"column":16},"end":{"line":32,"column":49}},"loc":{"start":{"line":32,"column":49},"end":{"line":55,"column":null}},"line":32},"2":{"name":"encryptPHI","decl":{"start":{"line":60,"column":16},"end":{"line":60,"column":27}},"loc":{"start":{"line":60,"column":54},"end":{"line":72,"column":null}},"line":60},"3":{"name":"decryptPHI","decl":{"start":{"line":77,"column":16},"end":{"line":77,"column":27}},"loc":{"start":{"line":77,"column":55},"end":{"line":95,"column":null}},"line":77},"4":{"name":"hashSensitiveData","decl":{"start":{"line":100,"column":16},"end":{"line":100,"column":34}},"loc":{"start":{"line":100,"column":56},"end":{"line":104,"column":null}},"line":100},"5":{"name":"verifyHashedData","decl":{"start":{"line":109,"column":16},"end":{"line":109,"column":33}},"loc":{"start":{"line":109,"column":76},"end":{"line":118,"column":null}},"line":109},"6":{"name":"(anonymous_6)","decl":{"start":{"line":140,"column":13},"end":{"line":140,"column":null}},"loc":{"start":{"line":144,"column":5},"end":{"line":183,"column":null}},"line":144},"7":{"name":"(anonymous_7)","decl":{"start":{"line":145,"column":32},"end":{"line":145,"column":37}},"loc":{"start":{"line":145,"column":46},"end":{"line":145,"column":72}},"line":145},"8":{"name":"(anonymous_8)","decl":{"start":{"line":160,"column":15},"end":{"line":160,"column":24}},"loc":{"start":{"line":160,"column":30},"end":{"line":179,"column":null}},"line":160},"9":{"name":"(anonymous_9)","decl":{"start":{"line":189,"column":13},"end":{"line":189,"column":null}},"loc":{"start":{"line":196,"column":5},"end":{"line":223,"column":null}},"line":196},"10":{"name":"(anonymous_10)","decl":{"start":{"line":198,"column":8},"end":{"line":198,"column":26}},"loc":{"start":{"line":198,"column":68},"end":{"line":211,"column":null}},"line":198},"11":{"name":"(anonymous_11)","decl":{"start":{"line":236,"column":13},"end":{"line":236,"column":null}},"loc":{"start":{"line":240,"column":5},"end":{"line":276,"column":null}},"line":240},"12":{"name":"(anonymous_12)","decl":{"start":{"line":281,"column":13},"end":{"line":281,"column":44}},"loc":{"start":{"line":281,"column":44},"end":{"line":290,"column":null}},"line":
[...]
3,"column":16},"end":{"line":763,"column":32}},"loc":{"start":{"line":763,"column":56},"end":{"line":779,"column":null}},"line":763},"33":{"name":"(anonymous_33)","decl":{"start":{"line":764,"column":2},"end":{"line":764,"column":10}},"loc":{"start":{"line":764,"column":44},"end":{"line":778,"column":null}},"line":764},"34":{"name":"(anonymous_34)","decl":{"start":{"line":770,"column":37},"end":{"line":770,"column":41}},"loc":{"start":{"line":770,"column":49},"end":{"line":773,"column":10}},"line":770},"35":{"name":"validateQuery","decl":{"start":{"line":781,"column":16},"end":{"line":781,"column":33}},"loc":{"start":{"line":781,"column":57},"end":{"line":797,"column":null}},"line":781},"36":{"name":"(anonymous_36)","decl":{"start":{"line":782,"column":2},"end":{"line":782,"column":10}},"loc":{"start":{"line":782,"column":44},"end":{"line":796,"column":null}},"line":782},"37":{"name":"(anonymous_37)","decl":{"start":{"line":788,"column":37},"end":{"line":788,"column":41}},"loc":{"start":{"line":788,"column":49},"end":{"line":791,"column":10}},"line":788},"38":{"name":"validateParams","decl":{"start":{"line":799,"column":16},"end":{"line":799,"column":34}},"loc":{"start":{"line":799,"column":58},"end":{"line":815,"column":null}},"line":799},"39":{"name":"(anonymous_39)","decl":{"start":{"line":800,"column":2},"end":{"line":800,"column":10}},"loc":{"start":{"line":800,"column":44},"end":{"line":814,"column":null}},"line":800},"40":{"name":"(anonymous_40)","decl":{"start":{"line":806,"column":37},"end":{"line":806,"column":41}},"loc":{"start":{"line":806,"column":49},"end":{"line":809,"column":10}},"line":806}},"branchMap":{"0":{"loc":{"start":{"line":194,"column":4},"end":{"line":194,"column":null}},"type":"if","locations":[{"start":{"line":194,"column":4},"end":{"line":194,"column":null}},{"start":{},"end":{}}],"line":194},"1":{"loc":{"start":{"line":195,"column":4},"end":{"line":195,"column":null}},"type":"if","locations":[{"start":{"line":195,"column":4},"end":{"line":195,"column":null}},{"start":{},"end":{}}],"line":195},"2":{"loc":{"start":{"line":196,"column":4},"end":{"line":198,"column":null}},"type":"if","locations":[{"start":{"line":196,"column":4},"end":{"line":198,"column":null}},{"start":{},"end":{}}],"line":196},"3":{"loc":{"start":{"line":197,"column":30},"end":{"line":197,"column":80}},"type":"cond-expr","locations":[{"start":{"line":197,"column":57},"end":{"line":197,"column":75}},{"start":{"line":197,"column":75},"end":{"line":197,"column":80}}],"line":197},"4":{"loc":{"start":{"line":199,"column":4},"end":{"line":199,"column":null}},"type":"if","locations":[{"start":{"line":199,"column":4},"end":{"line":199,"column":null}},{"start":{},"end":{}}],"line":199},"5":{"loc":{"start":{"line":215,"column":16},"end":{"line":215,"column":null}},"type":"cond-expr","locations":[{"start":{"line":215,"column":40},"end":{"line":215,"column":58}},{"start":{"line":215,"column":58},"end":{"line":215,"column":null}}],"line":215},"6":{"loc":{"start":{"line":275,"column":12},"end":{"line":275,"column":null}},"type":"cond-expr","locations":[{"start":{"line":275,"column":41},"end":{"line":275,"column":53}},{"start":{"line":275,"column":53},"end":{"line":275,"column":null}}],"line":275},"7":{"loc":{"start":{"line":275,"column":12},"end":{"line":275,"column":41}},"type":"binary-expr","locations":[{"start":{"line":275,"column":12},"end":{"line":275,"column":37}},{"start":{"line":275,"column":37},"end":{"line":275,"column":41}}],"line":275},"8":{"loc":{"start":{"line":279,"column":12},"end":{"line":279,"column":null}},"type":"cond-expr","locations":[{"start":{"line":279,"column":41},"end":{"line":279,"column":53}},{"start":{"line":279,"column":53},"end":{"line":279,"column":null}}],"line":279},"9":{"loc":{"start":{"line":279,"column":12},"end":{"line":279,"column":41}},"type":"binary-expr","locations":[{"start":{"line":279,"column":12},"end":{"line":279,"column":37}},{"start":{"line":279,"column":37},"end":{"line":279,"column":41}}],"line":279},"10":{"loc":{"start":{"line":283,"column":12},"end":{"line":283,"column":null}},"type":"cond-expr","locations":[{"start":{"line":283,"column":36},"end":{"line":283,"column":54}},{"start":{"line":283,"column":54},"end":{"line":283,"column":null}}],"line":283},"11":{"loc":{"start":{"line":287,"column":12},"end":{"line":287,"column":null}},"type":"cond-expr","locations":[{"start":{"line":287,"column":36},"end":{"line":287,"column":54}},{"start":{"line":287,"column":54},"end":{"line":287,"column":null}}],"line":287},"12":{"loc":{"start":{"line":293,"column":12},"end":{"line":293,"column":null}},"type":"cond-expr","locations":[{"start":{"line":293,"column":36},"end":{"line":293,"column":54}},{"start":{"line":293,"column":54},"end":{"line":293,"column":null}}],"line":293},"13":{"loc":{"start":{"line":297,"column":12},"end":{"line":297,"column":null}},"type":"cond-expr","locations":[{"start":{"line":297,"column":36},"end":{"line":297,"column":54}},{"start":{"line":297,"column":54},"end":{"line":297,"column":null}}],"line":297},"14":{"loc":{"start":{"line":302,"column":12},"end":{"line":302,"column":null}},"type":"cond-expr","locations":[{"start":{"line":302,"column":36},"end":{"line":302,"column":76}},{"start":{"line":302,"column":76},"end":{"line":302,"column":null}}],"line":302},"15":{"loc":{"start":{"line":329,"column":12},"end":{"line":329,"column":null}},"type":"cond-expr","locations":[{"start":{"line":329,"column":41},"end":{"line":329,"column":53}},{"start":{"line":329,"column":53},"end":{"line":329,"column":null}}],"line":329},"16":{"loc":{"start":{"line":329,"column":12},"end":{"line":329,"column":41}},"type":"binary-expr","locations":[{"start":{"line":329,"column":12},"end":{"line":329,"column":37}},{"start":{"line":329,"column":37},"end":{"line":329,"column":41}}],"line":329},"17":{"loc":{"start":{"line":333,"column":12},"end":{"line":333,"column":null}},"type":"cond-expr","locations":[{"start":{"line":333,"column":36},"end":{"line":333,"column":54}},{"start":{"line":333,"column":54},"end":{"line":333,"column":null}}],"line":333},"18":{"loc":{"start":{"line":348,"column":12},"end":{"line":348,"column":null}},"type":"cond-expr","locations":[{"start":{"line":348,"column":36},"end":{"line":348,"column":54}},{"start":{"line":348,"column":54},"end":{"line":348,"column":null}}],"line":348},"19":{"loc":{"start":{"line":360,"column":12},"end":{"line":360,"column":null}},"type":"cond-expr","locations":[{"start":{"line":360,"column":36},"end":{"line":360,"column":76}},{"start":{"line":360,"column":76},"end":{"line":360,"column":null}}],"line":360},"20":{"loc":{"start":{"line":364,"column":12},"end":{"line":364,"column":null}},"type":"cond-expr","locations":[{"start":{"line":364,"column":41},"end":{"line":364,"column":53}},{"start":{"line":364,"column":53},"end":{"line":364,"column":null}}],"line":364},"21":{"loc":{"start":{"line":364,"column":12},"end":{"line":364,"column":41}},"type":"binary-expr","locations":[{"start":{"line":364,"column":12},"end":{"line":364,"column":37}},{"start":{"line":364,"column":37},"end":{"line":364,"column":41}}],"line":364},"22":{"loc":{"start":{"line":368,"column":12},"end":{"line":368,"column":null}},"type":"cond-expr","locations":[{"start":{"line":368,"column":36},"end":{"line":368,"column":54}},{"start":{"line":368,"column":54},"end":{"line":368,"column":null}}],"line":368},"23":{"loc":{"start":{"line":383,"column":16},"end":{"line":383,"column":null}},"type":"cond-expr","locations":[{"start":{"line":383,"column":45},"end":{"line":383,"column":57}},{"start":{"line":383,"column":57},"end":{"line":383,"column":null}}],"line":383},"24":{"loc":{"start":{"line":383,"column":16},"end":{"line":383,"column":45}},"type":"binary-expr","locations":[{"start":{"line":383,"column":16},"end":{"line":383,"column":41}},{"start":{"line":383,"column":41},"end":{"line":383,"column":45}}],"line":383},"25":{"loc":{"start":{"line":387,"column":16},"end":{"line":387,"column":null}},"type":"cond-expr","locations":[{"start":{"line":387,"column":45},"end":{"line":387,"column":57}},{"start":{"line":387,"column":57},"end":{"line":387,"column":null}}],"line":387},"26":{"loc":{"start":{"line":387,"column":16},"end":{"line":387,"column":45}},"type":"binary-expr","locations":[{"start":{"line":387,"column":16},"end":{"line":387,"column":41}},{"start":{"line":387,"column":41},"end":{"line":387,"column":45}}],"line":387},"27":{"loc":{"start":{"line":458,"column":12},"end":{"line":458,"column":null}},"type":"cond-expr","locations":[{"start":{"line":458,"column":36},"end":{"line":458,"column":75}},{"start":{"line":458,"column":75},"end":{"line":458,"column":null}}],"line":458},"28":{"loc":{"start":{"line":462,"column":12},"end":{"line":462,"column":null}},"type":"cond-expr","locations":[{"start":{"line":462,"column":36},"end":{"line":462,"column":54}},{"start":{"line":462,"column":54},"end":{"line":462,"column":null}}],"line":462},"29":{"loc":{"start":{"line":489,"column":16},"end":{"line":489,"column":null}},"type":"cond-expr","locations":[{"start":{"line":489,"column":45},"end":{"line":489,"column":57}},{"start":{"line":489,"column":57},"end":{"line":489,"column":null}}],"line":489},"30":{"loc":{"start":{"line":489,"column":16},"end":{"line":489,"column":45}},"type":"binary-expr","locations":[{"start":{"line":489,"column":16},"end":{"line":489,"column":41}},{"start":{"line":489,"column":41},"end":{"line":489,"column":45}}],"line":489},"31":{"loc":{"start":{"line":505,"column":12},"end":{"line":505,"column":null}},"type":"cond-expr","locations":[{"start":{"line":505,"column":36},"end":{"line":505,"column":54}},{"start":{"line":505,"column":54},"end":{"line":505,"column":null}}],"line":505},"32":{"loc":{"start":{"line":511,"column":12},"end":{"line":511,"column":null}},"type":"cond-expr","locations":[{"start":{"line":511,"column":41},"end":{"line":511,"column":53}},{"start":{"line":511,"column":53},"end":{"line":511,"column":null}}],"line":511},"33":{"loc":{"start":{"line":511,"column":12},"end":{"line":511,"column":41}},"type":"binary-expr","locations":[{"start":{"line":511,"column":12},"end":{"line":511,"column":37}},{"start":{"line":511,"column":37},"end":{"line":511,"column":41}}],"line":511},"34":{"loc":{"start":{"line":516,"column":12},"end":{"line":516,"column":null}},"type":"cond-expr","locations":[{"start":{"line":516,"column":41},"end":{"line":516,"column":53}},{"start":{"line":516,"column":53},"end":{"line":516,"column":null}}],"line":516},"35":{"loc":{"start":{"line":516,"column":12},"end":{"line":516,"column":41}},"type":"binary-expr","locations":[{"start":{"line":516,"column":12},"end":{"line":516,"column":37}},{"start":{"line":516,"column":37},"end":{"line":516,"column":41}}],"line":516},"36":{"loc":{"start":{"line":522,"column":12},"end":{"line":522,"column":null}},"type":"cond-expr","locations":[{"start":{"line":522,"column":41},"end":{"line":522,"column":53}},{"start":{"line":522,"column":53},"end":{"line":522,"column":null}}],"line":522},"37":{"loc":{"start":{"line":522,"column":12},"end":{"line":522,"column":41}},"type":"binary-expr","locations":[{"start":{"line":522,"column":12},"end":{"line":522,"column":37}},{"start":{"line":522,"column":37},"end":{"line":522,"column":41}}],"line":522},"38":{"loc":{"start":{"line":527,"column":12},"end":{"line":527,"column":null}},"type":"cond-expr","locations":[{"start":{"line":527,"column":41},"end":{"line":527,"column":53}},{"start":{"line":527,"column":53},"end":{"line":527,"column":null}}],"line":527},"39":{"loc":{"start":{"line":527,"column":12},"end":{"line":527,"column":41}},"type":"binary-expr","locations":[{"start":{"line":527,"column":12},"end":{"line":527,"column":37}},{"start":{"line":527,"column":37},"end":{"line":527,"column":41}}],"line":527},"40":{"loc":{"start":{"line":766,"column":4},"end":{"line":775,"column":null}},"type":"if","locations":[{"start":{"line":766,"column":4},"end":{"line":775,"column":null}},{"start":{},"end":{}}],"line":766},"41":{"loc":{"start":{"line":784,"column":4},"end":{"line":793,"column":null}},"type":"if","locations":[{"start":{"line":784,"column":4},"end":{"line":793,"column":null}},{"start":{},"end":{}}],"line":784},"42":{"loc":{"start":{"line":802,"column":4},"end":{"line":811,"column":null}},"type":"if","locations":[{"start":{"line":802,"column":4},"end":{"line":811,"column":null}},{"start":{},"end":{}}],"line":802}},"s":{"0":4,"1":4,"2":4,"3":4,"4":4,"5":4,"6":4,"7":4,"8":4,"9":4,"10":3,"11":4,"12":4,"13":4,"14":4,"15":4,"16":4,"17":4,"18":4,"19":4,"20":4,"21":12,"22":2,"23":0,"24":2,"25":0,"26":2,"27":2,"28":1,"29":0,"30":0,"31":0,"32":4,"33":4,"34":1,"35":4,"36":4,"37":4,"38":4,"39":4,"40":2,"41":2,"42":2,"43":2,"44":0,"45":2,"46":2,"47":4,"48":2,"49":2,"50":4,"51":1,"52":4,"53":2,"54":2,"55":2,"56":4,"57":0,"58":0,"59":4,"60":4,"61":2,"62":4,"63":4,"64":4,"65":0,"66":0,"67":4,"68":4,"69":0,"70":4,"71":2,"72":2,"73":2,"74":2,"75":2,"76":4,"77":4,"78":4,"79":4,"80":4,"81":4,"82":4,"83":4,"84":4,"85":4,"86":4,"87":2,"88":4,"89":2,"90":4,"91":2,"92":4,"93":4,"94":4,"95":0,"96":0,"97":0,"98":0,"99":0,"100":0,"101":0,"102":0,"103":0,"104":0,"105":0,"106":0,"107":0,"108":0,"109":0,"110":0,"111":0,"112":0,"113":0,"114":0,"115":0,"116":4,"117":4},"f":{"0":3,"1":12,"2":2,"3":1,"4":1,"5":2,"6":2,"7":2,"8":2,"9":0,"10":2,"11":2,"12":2,"13":2,"14":1,"15":2,"16":2,"17":2,"18":0,"19":0,"20":2,"21":0,"22":0,"23":0,"24":2,"25":2,"26":2,"27":2,"28":2,"29":2,"30":4,"31":4,"32":0,"33":0,"34":0,"35":0,"36":0,"37":0,"38":0,"39":0,"40":0},"b":{"0":[0,2],"1":[0,2],"2":[2,0],"3":[0,1],"4":[0,0],"5":[1,0],"6":[0,2],"7":[2,0],"8":[0,2],"9":[2,0],"10":[0,2],"11":[0,2],"12":[0,0],"13":[2,0],"14":[2,0],"15":[0,2],"16":[2,0],"17":[2,0],"18":[1,0],"19":[2,0],"20":[0,2],"21":[2,0],"22":[2,0],"23":[0,0],"24":[0,0],"25":[0,0],"26":[0,0],"27":[0,0],"28":[0,0],"29":[0,0],"30":[0,0],"31":[2,0],"32":[0,2],"33":[2,0],"34":[0,2],"35":[2,0],"36":[0,2],"37":[2,0],"38":[0,2],"39":[2,0],"40":[0,0],"41":[0,0],"42":[0,0]},"meta":{"lastBranch":43,"lastFunction":41,"lastStatement":118,"seen":{"s:4:19:4:Infinity":0,"s:5:19:5:Infinity":1,"s:19:24:22:Infinity":2,"s:23:26:23:Infinity":3,"s:24:34:24:Infinity":4,"s:26:32:36:Infinity":5,"s:38:28:40:Infinity":6,"s:46:34:49:Infinity":7,"s:52:27:55:Infinity":8,"s:57:36:71:Infinity":9,"f:68:3:68:11":0,"s:68:20:68:63":10,"s:76:35:89:Infinity":11,"s:91:35:91:Infinity":12,"s:99:39:108:Infinity":13,"s:110:39:118:Infinity":14,"s:121:37:125:Infinity":15,"s:127:29:145:Infinity":16,"s:148:38:156:Infinity":17,"s:158:40:162:Infinity":18,"s:170:37:176:Infinity":19,"s:178:31:183:Infinity":20,"f:192:9:192:28":1,"s:193:2:201:Infinity":21,"f:193:2:193:10":2,"b:194:4:194:Infinity:undefined:undefined:undefined:undefined":0,"s:194:4:194:Infinity":22,"s:194:19:194:Infinity":23,"b:195:4:195:Infinity:undefined:undefined:undefined:undefined":1,"s:195:4:195:Infinity":24,"s:195:31:195:Infinity":25,"b:196:4:198:Infinity:undefined:undefined:undefined:undefined":2,"s:196:4:198:Infinity":26,"s:197:6:197:Infinity":27,"f:197:15:197:20":3,"s:197:30:197:80":28,"b:197:57:197:75:197:75:197:80":3,"b:199:4:199:Infinity:undefined:undefined:undefined:undefined":4,"s:199:4:199:Infinity":29,"s:199:31:199:Infinity":30,"s:200:4:200:Infinity":31,"s:205:23:205:Infinity":32,"s:207:36:222:Infinity":33,"f:214:18:214:Infinity":4,"s:215:16:215:Infinity":34,"b:215:40:215:58:215:58:215:Infinity":5,"s:229:31:234:Infinity":35,"s:237:35:247:Infinity":36,"s:249:29:255:Infinity":37,"s:260:36:264:Infinity":38,"s:268:37:309:Infinity":39,"f:274:16:274:Infinity":5,"s:275:12:275:Infinity":40,"b:275:41:275:53:275:53:275:Infinity":6,"b:275:12:275:37:275:37:275:41":7,"f:278:9:278:Infinity":6,"s:279:12:279:Infinity":41,"b:279:41:279:53:279:53:279:Infinity":8,"b:279:12:279:37:279:37:279:41":9,"f:282:19:282:Infinity":7,"s:283:12:283:Infinity":42,"b:283:36:283:54:283:54:283:Infinity":10,"f:286:12:286:Infinity":8,"s:287:12:287:Infinity":43,"b:287:36:287:54:287:54:287:Infinity":11,"f:292:20:292:Infinity":9,"s:293:12:293:Infinity":44,"b:293:36:293:54:293:54:293:Infinity":12,"f:296:17:296:Infinity":10,"s:297:12:297:Infinity":45,"b:297:36:297:54:297:54:297:Infinity":13,"f:301:17:301:Infinity":11,"s:302:12:302:Infinity":46,"b:302:36:302:76:302:76:302:Infinity":14,"s:315:37:338:Infinity":47,"f:328:23:328:Infinity":12,"s:329:12:329:Infinity":48,"b:329:41:329:53:329:53:329:Infinity":15,"b:329:12:329:37:329:37:329:41":16,"f:332:20:332:Infinity":13,"s:333:12:333:Infinity":49,"b:333:36:333:54:333:54:333:Infinity":17,"s:342:32:354:Infinity":50,"f:347:12:347:Infinity":14,"s:348:12:348:Infinity":51,"b:348:36:348:54:348:54:348:Infinity":18,"s:356:34:373:Infinity":52,"f:359:15:359:Infinity":15,"s:360:12:360:Infinity":53,"b:360:36:360:76:360:76:360:Infinity":19,"f:363:11:363:Infinity":16,"s:364:12:364:Infinity":54,"b:364:41:364:53:364:53:364:Infinity":20,"b:364:12:364:37:364:37:364:41":21,"f:367:14:367:Infinity":17,"s:368:12:368:Infinity":55,"b:368:36:368:54:368:54:368:Infinity":22,"s:376:41:394:Infinity":56,"f:382:18:382:Infinity":18,"s:383:16:383:Infinity":57,"b:383:45:383:57:383:57:383:Infinity":23,"b:383:16:383:41:383:41:383:45":24,"f:386:19:386:Infinity":19,"s:387:16:387:Infinity":58,"b:387:45:387:57:387:57:387:Infinity":25,"b:387:16:387:41:387:41:387:45":26,"s:397:36:407:Infinity":59,"s:409:34:417:Infinity":60,"f:414:3:414:11":20,"s:414:20:414:70":61,"s:420:31:435:Infinity":62,"s:437:38:442:Infinity":63,"s:448:42:470:Infinity":64,"f:457:14:457:Infinity":21,"s:458:12:458:Infinity":65,"b:458:36:458:75:458:75:458:Infinity":27,"f:461:14:461:Infinity":22,"s:462:12:462:Infinity":66,"b:462:36:462:54:462:54:462:Infinity":28,"s:472:37:478:Infinity":67,"s:481:38:498:Infinity":68,"f:488:18:488:Infinity":23,"s:489:16:489:Infinity":69,"b:489:45:489:57:489:57:489:Infinity":29,"b:489:16:489:41:489:41:489:45":30,"s:500:32:537:Infinity":70,"f:504:10:504:Infinity":24,"s:505:12:505:Infinity":71,"b:505:36:505:54:505:54:505:Infinity":31,"f:510:15:510:Infinity":25,"s:511:12:511:Infinity":72,"b:511:41:511:53:511:53:511:Infinity":32,"b:511:12:511:37:511:37:511:41":33,"f:515:11:515:Infinity":26,"s:516:12:516:Infinity":73,"b:516:41:516:53:516:53:516:Infinity":34,"b:516:12:516:37:516:37:516:41":35,"f:521:18:521:Infinity":27,"s:522:12:522:Infinity":74,"b:522:41:522:53:522:53:522:Infinity":36,"b:522:12:522:37:522:37:522:41":37,"f:526:14:526:Infinity":28,"s:527:12:527:Infinity":75,"b:527:41:527:53:527:53:527:Infinity":38,"b:527:12:527:37:527:37:527:41":39,"s:545:35:556:Infinity":76,"s:563:38:570:Infinity":77,"s:573:38:582:Infinity":78,"s:585:31:593:Infinity":79,"s:596:36:606:Infinity":80,"s:609:38:620:Infinity":81,"s:623:36:639:Infinity":82,"s:659:26:672:Infinity":83,"s:675:32:692:Infinity":84,"s:694:32:703:Infinity":85,"s:706:34:723:Infinity":86,"f:716:3:716:Infinity":29,"s:718:23:718:Infinity":87,"f:718:36:718:44":30,"s:718:55:718:70":88,"s:719:24:719:Infinity":89,"f:719:37:719:45":31,"s:719:56:719:72":90,"s:720:4:720:Infinity":91,"s:726:35:737:Infinity":92,"s:739:37:749:Infinity":93,"s:751:32:760:Infinity":94,"f:763:16:763:32":32,"s:764:2:778:Infinity":95,"f:764:2:764:10":33,"s:765:19:765:Infinity":96,"b:766:4:775:Infinity:undefined:undefined:undefined:undefined":40,"s:766:4:775:Infinity":97,"s:767:6:774:Infinity":98,"f:770:37:770:41":34,"s:770:49:773:10":99,"s:776:4:776:Infinity":100,"s:777:4:777:Infinity":101,"f:781:16:781:33":35,"s:782:2:796:Infinity":102,"f:782:2:782:10":36,"s:783:19:783:Infinity":103,"b:784:4:793:Infinity:undefined:undefined:undefined:undefined":41,"s:784:4:793:Infinity":104,"s:785:6:792:Infinity":105,"f:788:37:788:41":37,"s:788:49:791:10":106,"s:794:4:794:Infinity":107,"s:795:4:795:Infinity":108,"f:799:16:799:34":38,"s:800:2:814:Infinity":109,"f:800:2:800:10":39,"s:801:19:801:Infinity":110,"b:802:4:811:Infinity:undefined:undefined:undefined:undefined":42,"s:802:4:811:Infinity":111,"s:803:6:810:Infinity":112,"f:806:37:806:41":40,"s:806:49:809:10":113,"s:812:4:812:Infinity":114,"s:813:4:813:Infinity":115,"s:818:29:820:Infinity":116,"s:822:36:824:Infinity":117},"fnNames":{}}}
}
